                                                                                                                                                                                                                                                                                                                                                                                                                                                                                                                                                                                                                                                                                                                                                                                                                                                                                                                                                                          QUERY PLAN                                                                                                                                                                                                                                                                                                                                                                                                                                                                                                                                                                                                                                                                                                                                                                                                                                                                                                                                                                           
---------------------------------------------------------------------------------------------------------------------------------------------------------------------------------------------------------------------------------------------------------------------------------------------------------------------------------------------------------------------------------------------------------------------------------------------------------------------------------------------------------------------------------------------------------------------------------------------------------------------------------------------------------------------------------------------------------------------------------------------------------------------------------------------------------------------------------------------------------------------------------------------------------------------------------------------------------------------------------------------------------------------------------------------------------------------------------------------------------------------------------------------------------------------------------------------------------------------------------------------------------------------------------------------------------------------------------------------------------------------------------------------------------------------------------------------------------------------------------------------------------------------------------------------------------------------------------------------------------------------------------------------------------------------------------------------------------------------------------------------------------------------------------------------------------------------------------------------------------------------------------------------------------------------------------------------------------------
 Limit  (cost=5207.58..5207.93 rows=3 width=51)
   ->  Unique  (cost=5207.58..5207.93 rows=3 width=51)
         ->  Gather Merge  (cost=5207.58..5207.92 rows=3 width=51)
               Workers Planned: 1
               ->  Sort  (cost=4207.57..4207.57 rows=2 width=51)
                     Sort Key: i1.i_product_name
                     ->  Parallel Hash Semi Join  (cost=2818.31..4207.56 rows=2 width=51)
                           Hash Cond: (i1.i_manufact = i2.i_manufact)
                           ->  Parallel Seq Scan on item i1  (cost=0.00..1388.82 rows=148 width=102)
                                 Filter: ((i_manufact_id >= 704) AND (i_manufact_id <= 744))
                           ->  Parallel Hash  (cost=2818.24..2818.24 rows=6 width=51)
                                 ->  Parallel Seq Scan on item i2  (cost=0.00..2818.24 rows=6 width=51)
                                       Filter: (((i_category = 'Women'::bpchar) AND ((i_color = 'forest'::bpchar) OR (i_color = 'lime'::bpchar)) AND ((i_units = 'Pallet'::bpchar) OR (i_units = 'Pound'::bpchar)) AND ((i_size = 'economy'::bpchar) OR (i_size = 'small'::bpchar))) OR ((i_category = 'Women'::bpchar) AND ((i_color = 'navy'::bpchar) OR (i_color = 'slate'::bpchar)) AND ((i_units = 'Gross'::bpchar) OR (i_units = 'Bunch'::bpchar)) AND ((i_size = 'extra large'::bpchar) OR (i_size = 'petite'::bpchar))) OR ((i_category = 'Men'::bpchar) AND ((i_color = 'powder'::bpchar) OR (i_color = 'sky'::bpchar)) AND ((i_units = 'Dozen'::bpchar) OR (i_units = 'Lb'::bpchar)) AND ((i_size = 'N/A'::bpchar) OR (i_size = 'large'::bpchar))) OR ((i_category = 'Men'::bpchar) AND ((i_color = 'maroon'::bpchar) OR (i_color = 'smoke'::bpchar)) AND ((i_units = 'Ounce'::bpchar) OR (i_units = 'Case'::bpchar)) AND ((i_size = 'economy'::bpchar) OR (i_size = 'small'::bpchar))) OR ((i_category = 'Women'::bpchar) AND ((i_color = 'dark'::bpchar) OR (i_color = 'aquamarine'::bpchar)) AND ((i_units = 'Ton'::bpchar) OR (i_units = 'Tbl'::bpchar)) AND ((i_size = 'economy'::bpchar) OR (i_size = 'small'::bpchar))) OR ((i_category = 'Women'::bpchar) AND ((i_color = 'frosted'::bpchar) OR (i_color = 'plum'::bpchar)) AND ((i_units = 'Dram'::bpchar) OR (i_units = 'Box'::bpchar)) AND ((i_size = 'extra large'::bpchar) OR (i_size = 'petite'::bpchar))) OR ((i_category = 'Men'::bpchar) AND ((i_color = 'papaya'::bpchar) OR (i_color = 'peach'::bpchar)) AND ((i_units = 'Bundle'::bpchar) OR (i_units = 'Carton'::bpchar)) AND ((i_size = 'N/A'::bpchar) OR (i_size = 'large'::bpchar))) OR ((i_category = 'Men'::bpchar) AND ((i_color = 'firebrick'::bpchar) OR (i_color = 'sienna'::bpchar)) AND ((i_units = 'Cup'::bpchar) OR (i_units = 'Each'::bpchar)) AND ((i_size = 'economy'::bpchar) OR (i_size = 'small'::bpchar))))
(13 rows)

                   i_product_name                   
----------------------------------------------------
 ablen stn stbarought                              
(1 row)

