                                                                                                            QUERY PLAN                                                                                                             
-----------------------------------------------------------------------------------------------------------------------------------------------------------------------------------------------------------------------------------
 Limit  (cost=73200.35..73218.63 rows=86 width=1286)
   ->  GroupAggregate  (cost=73200.35..73218.63 rows=86 width=1286)
         Group Key: "*SELECT* 1".w_warehouse_name, "*SELECT* 1".w_warehouse_sq_ft, "*SELECT* 1".w_city, "*SELECT* 1".w_county, "*SELECT* 1".w_state, "*SELECT* 1".w_country, "*SELECT* 1".ship_carriers, "*SELECT* 1".year
         ->  Sort  (cost=73200.35..73200.57 rows=86 width=1254)
               Sort Key: "*SELECT* 1".w_warehouse_name, "*SELECT* 1".w_warehouse_sq_ft, "*SELECT* 1".w_city, "*SELECT* 1".w_county, "*SELECT* 1".w_state, "*SELECT* 1".w_country, "*SELECT* 1".ship_carriers, "*SELECT* 1".year
               ->  Result  (cost=25103.63..73197.59 rows=86 width=1254)
                     ->  Append  (cost=25103.63..73196.73 rows=86 width=1254)
                           ->  Subquery Scan on "*SELECT* 1"  (cost=25103.63..25121.17 rows=29 width=1254)
                                 ->  Finalize GroupAggregate  (cost=25103.63..25120.88 rows=29 width=1254)
                                       Group Key: warehouse.w_warehouse_name, warehouse.w_warehouse_sq_ft, warehouse.w_city, warehouse.w_county, warehouse.w_state, warehouse.w_country, date_dim.d_year
                                       ->  Gather Merge  (cost=25103.63..25113.24 rows=24 width=1222)
                                             Workers Planned: 2
                                             ->  Partial GroupAggregate  (cost=24103.61..24110.45 rows=12 width=1222)
                                                   Group Key: warehouse.w_warehouse_name, warehouse.w_warehouse_sq_ft, warehouse.w_city, warehouse.w_county, warehouse.w_state, warehouse.w_country, date_dim.d_year
                                                   ->  Sort  (cost=24103.61..24103.64 rows=12 width=91)
                                                         Sort Key: warehouse.w_warehouse_name, warehouse.w_warehouse_sq_ft, warehouse.w_city, warehouse.w_county, warehouse.w_state, warehouse.w_country
                                                         ->  Nested Loop  (cost=2.01..24103.39 rows=12 width=91)
                                                               ->  Nested Loop  (cost=1.87..24102.29 rows=12 width=29)
                                                                     ->  Nested Loop  (cost=1.58..24054.00 rows=149 width=33)
                                                                           ->  Hash Join  (cost=1.27..22719.22 rows=29966 width=29)
                                                                                 Hash Cond: (web_sales.ws_ship_mode_sk = ship_mode.sm_ship_mode_sk)
                                                                                 ->  Parallel Seq Scan on web_sales  (cost=0.00..21764.43 rows=299743 width=33)
                                                                                 ->  Hash  (cost=1.25..1.25 rows=2 width=4)
                                                                                       ->  Seq Scan on ship_mode  (cost=0.00..1.25 rows=2 width=4)
                                                                                             Filter: (sm_carrier = ANY ('{ORIENTAL,BOXBUNDLES}'::bpchar[]))
                                                                           ->  Memoize  (cost=0.30..0.33 rows=1 width=12)
                                                                                 Cache Key: web_sales.ws_sold_date_sk
                                                                                 Cache Mode: logical
                                                                                 ->  Index Scan using date_dim_pkey on date_dim  (cost=0.29..0.32 rows=1 width=12)
                                                                                       Index Cond: (d_date_sk = web_sales.ws_sold_date_sk)
                                                                                       Filter: (d_year = 2001)
                                                                     ->  Index Scan using time_dim_pkey on time_dim  (cost=0.29..0.32 rows=1 width=4)
                                                                           Index Cond: (t_time_sk = web_sales.ws_sold_time_sk)
                                                                           Filter: ((t_time >= 42970) AND (t_time <= 50170))
                                                               ->  Memoize  (cost=0.14..0.16 rows=1 width=70)
                                                                     Cache Key: web_sales.ws_warehouse_sk
                                                                     Cache Mode: logical
                                                                     ->  Index Scan using warehouse_pkey on warehouse  (cost=0.13..0.15 rows=1 width=70)
                                                                           Index Cond: (w_warehouse_sk = web_sales.ws_warehouse_sk)
                           ->  Subquery Scan on "*SELECT* 2"  (cost=48040.16..48075.13 rows=57 width=1254)
                                 ->  Finalize GroupAggregate  (cost=48040.16..48074.56 rows=57 width=1254)
                                       Group Key: warehouse_1.w_warehouse_name, warehouse_1.w_warehouse_sq_ft, warehouse_1.w_city, warehouse_1.w_county, warehouse_1.w_state, warehouse_1.w_country, date_dim_1.d_year
                                       ->  Gather Merge  (cost=48040.16..48059.38 rows=48 width=1222)
                                             Workers Planned: 2
                                             ->  Partial GroupAggregate  (cost=47040.14..47053.82 rows=24 width=1222)
                                                   Group Key: warehouse_1.w_warehouse_name, warehouse_1.w_warehouse_sq_ft, warehouse_1.w_city, warehouse_1.w_county, warehouse_1.w_state, warehouse_1.w_country, date_dim_1.d_year
                                                   ->  Sort  (cost=47040.14..47040.20 rows=24 width=91)
                                                         Sort Key: warehouse_1.w_warehouse_name, warehouse_1.w_warehouse_sq_ft, warehouse_1.w_city, warehouse_1.w_county, warehouse_1.w_state, warehouse_1.w_country
                                                         ->  Hash Join  (cost=1947.48..47039.58 rows=24 width=91)
                                                               Hash Cond: (catalog_sales.cs_warehouse_sk = warehouse_1.w_warehouse_sk)
                                                               ->  Nested Loop  (cost=1946.37..47038.35 rows=24 width=29)
                                                                     ->  Hash Join  (cost=1946.08..46943.77 rows=296 width=33)
                                                                           Hash Cond: (catalog_sales.cs_ship_mode_sk = ship_mode_1.sm_ship_mode_sk)
                                                                           ->  Parallel Hash Join  (cost=1944.80..46933.03 rows=2978 width=37)
                                                                                 Hash Cond: (catalog_sales.cs_sold_date_sk = date_dim_1.d_date_sk)
                                                                                 ->  Parallel Seq Scan on catalog_sales  (cost=0.00..43411.45 rows=600645 width=33)
                                                                                 ->  Parallel Hash  (cost=1942.12..1942.12 rows=214 width=12)
                                                                                       ->  Parallel Seq Scan on date_dim date_dim_1  (cost=0.00..1942.12 rows=214 width=12)
                                                                                             Filter: (d_year = 2001)
                                                                           ->  Hash  (cost=1.25..1.25 rows=2 width=4)
                                                                                 ->  Seq Scan on ship_mode ship_mode_1  (cost=0.00..1.25 rows=2 width=4)
                                                                                       Filter: (sm_carrier = ANY ('{ORIENTAL,BOXBUNDLES}'::bpchar[]))
                                                                     ->  Index Scan using time_dim_pkey on time_dim time_dim_1  (cost=0.29..0.32 rows=1 width=4)
                                                                           Index Cond: (t_time_sk = catalog_sales.cs_sold_time_sk)
                                                                           Filter: ((t_time >= 42970) AND (t_time <= 50170))
                                                               ->  Hash  (cost=1.05..1.05 rows=5 width=70)
                                                                     ->  Seq Scan on warehouse warehouse_1  (cost=0.00..1.05 rows=5 width=70)
(67 rows)

   w_warehouse_name   | w_warehouse_sq_ft |  w_city  |     w_county      | w_state |   w_country   |    ship_carriers    | year |  jan_sales  |  feb_sales  |  mar_sales  |  apr_sales  |  may_sales  |  jun_sales  |  jul_sales  |  aug_sales  |  sep_sales  |  oct_sales  |  nov_sales  |  dec_sales  |    jan_sales_per_sq_foot    |    feb_sales_per_sq_foot    |    mar_sales_per_sq_foot     |    apr_sales_per_sq_foot    |  may_sales_per_sq_foot   |    jun_sales_per_sq_foot    |    jul_sales_per_sq_foot    |    aug_sales_per_sq_foot     |    sep_sales_per_sq_foot    |    oct_sales_per_sq_foot    |    nov_sales_per_sq_foot     |    dec_sales_per_sq_foot     |   jan_net   |   feb_net   |   mar_net   |   apr_net   |   may_net   |   jun_net   |   jul_net   |   aug_net   |   sep_net   |   oct_net   |   nov_net   |   dec_net   
----------------------+-------------------+----------+-------------------+---------+---------------+---------------------+------+-------------+-------------+-------------+-------------+-------------+-------------+-------------+-------------+-------------+-------------+-------------+-------------+-----------------------------+-----------------------------+------------------------------+-----------------------------+--------------------------+-----------------------------+-----------------------------+------------------------------+-----------------------------+-----------------------------+------------------------------+------------------------------+-------------+-------------+-------------+-------------+-------------+-------------+-------------+-------------+-------------+-------------+-------------+-------------
 Bad cards must make. |            621234 | Fairview | Williamson County | TN      | United States | ORIENTAL,BOXBUNDLES | 2001 | 11492718.12 | 21001669.62 | 17056534.96 | 14719654.44 | 12329120.60 | 17363161.31 | 17645596.15 | 34617833.05 | 30421493.09 | 31492002.09 | 40029415.70 | 43497239.12 | 18.499821516530003215519657 |     33.80637508571649327764 |  27.455894171922335259010645 | 23.694218989945817451656775 |  19.84617809070334212411 | 27.949470424992836819228782 |     28.40410561881674211695 |  55.724305253736916840358237 | 48.969459318066944286055958 |     50.69265701812843470335 |  64.435326624106214481627281 |  70.017479918999926146056409 |  9808970.36 | 12853010.69 | 11580282.19 |  9249187.32 |  8277870.65 | 10259453.15 |  9712507.77 | 24075538.26 | 20374549.44 | 20656908.40 | 29196781.01 | 27622732.13
 Conventional childr  |            977787 | Fairview | Williamson County | TN      | United States | ORIENTAL,BOXBUNDLES | 2001 | 14007016.30 | 16390887.27 | 12091421.05 | 17566481.81 | 21027241.91 | 14549055.16 | 14494223.42 | 25081807.35 | 32194898.43 | 39249607.02 | 46248625.01 | 39255461.12 |     14.32522246665173487349 | 16.763249327307481045061582 |  12.366109438967791537880000 | 17.965550585147890135766865 |  21.50493094099226101281 |     14.87957516309789349454 | 14.823497776100520922352897 |      25.65160648484792695310 |     32.92629011226371387851 | 40.141264938069334137393417 |  47.299284005616765321867692 |  40.147252029327450689068077 |  8347611.61 |  8691349.41 |  8379232.24 | 11870159.86 | 10477902.85 |  9621459.42 |  9568645.23 | 16765019.44 | 19589926.71 | 22764178.38 | 30575847.19 | 26799944.25
 Doors canno          |            294242 | Fairview | Williamson County | TN      | United States | ORIENTAL,BOXBUNDLES | 2001 | 12035404.86 | 11825658.27 | 11122246.19 | 10830078.87 | 11684294.33 | 15691210.15 | 17113600.86 | 39491633.91 | 34506576.87 | 22416544.25 | 54858376.12 | 50837314.60 |     40.90308270063417190476 |     40.19024568212559733651 |  37.799655351717293948542841 | 36.806706282583723609760000 |  39.70981141373427306410 | 53.327567614412626537020095 |     58.16165217745937025271 | 134.214809272639528140635082 |    117.27277842728094559109 | 76.184039837956512054485133 | 186.439652123082360915150099 | 172.773820868536782585770000 |  8552214.86 | 11526419.87 |  5652089.21 |  6695555.25 |  9620191.64 | 11930487.97 | 11825295.20 | 27120741.91 | 23723549.41 | 14497831.84 | 38814184.36 | 35886120.80
 Important issues liv |            138504 | Fairview | Williamson County | TN      | United States | ORIENTAL,BOXBUNDLES | 2001 | 12850517.52 | 13024762.63 | 19549907.64 | 18132935.31 | 20134358.90 | 15303432.34 |  9331078.63 | 25693474.79 | 35711127.15 | 29385815.58 | 45246907.25 | 45522193.47 |     92.78084040894125832133 |     94.03889151215849368733 | 141.150491249350199398550000 |    130.91993956853231670885 | 145.37023407266216153977 |    110.49090524461387407534 |     67.37046316351874310399 |     185.50709575174724180968 |    257.83462679778201334465 |    212.16582611332524717787 |     326.68303623000057752765 |     328.67060496447756052529 |  8322062.27 |  7836494.68 | 10843346.38 | 15155886.19 | 15405067.06 |  9297699.75 |  6657210.67 | 16380405.81 | 22088007.96 | 22768931.11 | 33977733.48 | 28696061.72
                      |                   | Fairview | Williamson County | TN      | United States | ORIENTAL,BOXBUNDLES | 2001 | 18496934.14 | 13870526.81 | 12684147.70 | 16707986.74 |  9048267.33 | 14288118.99 | 12240116.15 | 44168287.36 | 31347269.45 | 27791434.73 | 45561578.33 | 50799044.99 |                           0 |                           0 |                            0 |                           0 |                        0 |                           0 |                           0 |                            0 |                           0 |                           0 |                            0 |                            0 | 11052203.36 |  7723727.02 |  6547345.97 |  8434097.57 |  6984125.23 | 12054573.46 |  7500861.41 | 27575335.42 | 21624007.97 | 17942890.27 | 30156348.87 | 29129869.18
(5 rows)

