                                                                                  QUERY PLAN                                                                                   
-------------------------------------------------------------------------------------------------------------------------------------------------------------------------------
 Limit  (cost=13017.83..33887.73 rows=100 width=64)
   ->  GroupAggregate  (cost=13017.83..86897.26 rows=354 width=64)
         Group Key: cd.cd_gender, cd.cd_marital_status, cd.cd_education_status, cd.cd_purchase_estimate, cd.cd_credit_rating
         ->  Nested Loop Anti Join  (cost=13017.83..86888.41 rows=354 width=40)
               Join Filter: (cs.cs_ship_customer_sk = c.c_customer_sk)
               ->  Nested Loop Anti Join  (cost=10333.36..19161.01 rows=360 width=44)
                     Join Filter: (ws.ws_bill_customer_sk = c.c_customer_sk)
                     ->  Gather Merge  (cost=10332.94..10374.19 rows=362 width=44)
                           Workers Planned: 1
                           ->  Sort  (cost=9332.93..9333.46 rows=213 width=44)
                                 Sort Key: cd.cd_gender, cd.cd_marital_status, cd.cd_education_status, cd.cd_purchase_estimate, cd.cd_credit_rating
                                 ->  Nested Loop  (cost=4764.88..9324.69 rows=213 width=44)
                                       ->  Nested Loop  (cost=4764.46..8986.81 rows=221 width=8)
                                             ->  Parallel Hash Semi Join  (cost=4764.17..8309.83 rows=1879 width=12)
                                                   Hash Cond: (c.c_customer_sk = ss.ss_customer_sk)
                                                   ->  Parallel Seq Scan on customer c  (cost=0.00..3356.24 rows=58824 width=12)
                                                   ->  Parallel Hash  (cost=4739.57..4739.57 rows=1968 width=4)
                                                         ->  Nested Loop  (cost=0.43..4739.57 rows=1968 width=4)
                                                               ->  Parallel Seq Scan on date_dim d  (cost=0.00..2156.97 rows=52 width=4)
                                                                     Filter: ((d_moy >= 1) AND (d_moy <= 3) AND (d_year = 2002))
                                                               ->  Index Only Scan using idx_store_sales_date_customer on store_sales ss  (cost=0.43..34.61 rows=1506 width=8)
                                                                     Index Cond: (ss_sold_date_sk = d.d_date_sk)
                                             ->  Index Scan using customer_address_pkey on customer_address ca  (cost=0.29..0.36 rows=1 width=4)
                                                   Index Cond: (ca_address_sk = c.c_current_addr_sk)
                                                   Filter: (ca_state = ANY ('{IL,TX,ME}'::bpchar[]))
                                       ->  Index Scan using customer_demographics_pkey on customer_demographics cd  (cost=0.43..1.53 rows=1 width=44)
                                             Index Cond: (cd_demo_sk = c.c_current_cdemo_sk)
                     ->  Materialize  (cost=0.42..4032.33 rows=876 width=4)
                           ->  Nested Loop  (cost=0.42..4027.95 rows=876 width=4)
                                 ->  Seq Scan on date_dim d_1  (cost=0.00..2683.36 rows=89 width=4)
                                       Filter: ((d_moy >= 1) AND (d_moy <= 3) AND (d_year = 2002))
                                 ->  Index Only Scan using idx_web_sales_date_customer on web_sales ws  (cost=0.42..11.16 rows=395 width=8)
                                       Index Cond: (ws_sold_date_sk = d_1.d_date_sk)
               ->  Materialize  (cost=2684.47..58297.97 rows=1747 width=4)
                     ->  Hash Join  (cost=2684.47..58289.24 rows=1747 width=4)
                           Hash Cond: (cs.cs_sold_date_sk = d_2.d_date_sk)
                           ->  Seq Scan on catalog_sales cs  (cost=0.00..51820.48 rows=1441548 width=8)
                           ->  Hash  (cost=2683.36..2683.36 rows=89 width=4)
                                 ->  Seq Scan on date_dim d_2  (cost=0.00..2683.36 rows=89 width=4)
                                       Filter: ((d_moy >= 1) AND (d_moy <= 3) AND (d_year = 2002))
(40 rows)

 cd_gender | cd_marital_status | cd_education_status  | cnt1 | cd_purchase_estimate | cnt2 | cd_credit_rating | cnt3 
-----------+-------------------+----------------------+------+----------------------+------+------------------+------
 F         | D                 | 2 yr Degree          |    1 |                 1000 |    1 | High Risk        |    1
 F         | D                 | 2 yr Degree          |    1 |                 1500 |    1 | Good             |    1
 F         | D                 | 2 yr Degree          |    1 |                 1500 |    1 | High Risk        |    1
 F         | D                 | 2 yr Degree          |    1 |                 2500 |    1 | Good             |    1
 F         | D                 | 2 yr Degree          |    1 |                 2500 |    1 | Low Risk         |    1
 F         | D                 | 2 yr Degree          |    1 |                 4500 |    1 | Unknown          |    1
 F         | D                 | 2 yr Degree          |    1 |                 6000 |    1 | High Risk        |    1
 F         | D                 | 2 yr Degree          |    1 |                 6500 |    1 | Good             |    1
 F         | D                 | 2 yr Degree          |    2 |                 8500 |    2 | High Risk        |    2
 F         | D                 | 2 yr Degree          |    1 |                 8500 |    1 | Unknown          |    1
 F         | D                 | 2 yr Degree          |    1 |                 9000 |    1 | High Risk        |    1
 F         | D                 | 4 yr Degree          |    1 |                 1500 |    1 | High Risk        |    1
 F         | D                 | 4 yr Degree          |    1 |                 1500 |    1 | Unknown          |    1
 F         | D                 | 4 yr Degree          |    1 |                 3000 |    1 | Good             |    1
 F         | D                 | 4 yr Degree          |    1 |                 4500 |    1 | Good             |    1
 F         | D                 | 4 yr Degree          |    1 |                 4500 |    1 | Low Risk         |    1
 F         | D                 | 4 yr Degree          |    1 |                 4500 |    1 | Unknown          |    1
 F         | D                 | 4 yr Degree          |    1 |                 5500 |    1 | Good             |    1
 F         | D                 | 4 yr Degree          |    1 |                 5500 |    1 | Low Risk         |    1
 F         | D                 | 4 yr Degree          |    1 |                 6000 |    1 | High Risk        |    1
 F         | D                 | 4 yr Degree          |    1 |                 7500 |    1 | Unknown          |    1
 F         | D                 | 4 yr Degree          |    1 |                 9500 |    1 | Low Risk         |    1
 F         | D                 | Advanced Degree      |    1 |                  500 |    1 | High Risk        |    1
 F         | D                 | Advanced Degree      |    3 |                  500 |    3 | Low Risk         |    3
 F         | D                 | Advanced Degree      |    1 |                 1500 |    1 | High Risk        |    1
 F         | D                 | Advanced Degree      |    1 |                 3000 |    1 | Low Risk         |    1
 F         | D                 | Advanced Degree      |    1 |                 4000 |    1 | Unknown          |    1
 F         | D                 | Advanced Degree      |    1 |                 5500 |    1 | Good             |    1
 F         | D                 | Advanced Degree      |    1 |                 7000 |    1 | Good             |    1
 F         | D                 | Advanced Degree      |    1 |                 7500 |    1 | High Risk        |    1
 F         | D                 | Advanced Degree      |    2 |                 9500 |    2 | High Risk        |    2
 F         | D                 | Advanced Degree      |    1 |                 9500 |    1 | Unknown          |    1
 F         | D                 | College              |    1 |                 3500 |    1 | Good             |    1
 F         | D                 | College              |    1 |                 4500 |    1 | High Risk        |    1
 F         | D                 | College              |    2 |                 4500 |    2 | Unknown          |    2
 F         | D                 | College              |    1 |                 6500 |    1 | Low Risk         |    1
 F         | D                 | College              |    1 |                 8000 |    1 | Unknown          |    1
 F         | D                 | College              |    1 |                10000 |    1 | High Risk        |    1
 F         | D                 | Primary              |    1 |                 1000 |    1 | Unknown          |    1
 F         | D                 | Primary              |    2 |                 4000 |    2 | Unknown          |    2
 F         | D                 | Primary              |    1 |                 5000 |    1 | Unknown          |    1
 F         | D                 | Primary              |    1 |                 7500 |    1 | Low Risk         |    1
 F         | D                 | Primary              |    1 |                 7500 |    1 | Unknown          |    1
 F         | D                 | Primary              |    1 |                 9000 |    1 | High Risk        |    1
 F         | D                 | Primary              |    1 |                 9500 |    1 | Unknown          |    1
 F         | D                 | Primary              |    1 |                10000 |    1 | Low Risk         |    1
 F         | D                 | Secondary            |    2 |                  500 |    2 | High Risk        |    2
 F         | D                 | Secondary            |    1 |                  500 |    1 | Low Risk         |    1
 F         | D                 | Secondary            |    1 |                 1500 |    1 | Low Risk         |    1
 F         | D                 | Secondary            |    1 |                 2000 |    1 | Unknown          |    1
 F         | D                 | Secondary            |    1 |                 2500 |    1 | Low Risk         |    1
 F         | D                 | Secondary            |    1 |                 3000 |    1 | High Risk        |    1
 F         | D                 | Secondary            |    1 |                 4000 |    1 | High Risk        |    1
 F         | D                 | Secondary            |    1 |                 5000 |    1 | High Risk        |    1
 F         | D                 | Secondary            |    1 |                 5500 |    1 | High Risk        |    1
 F         | D                 | Secondary            |    1 |                 5500 |    1 | Unknown          |    1
 F         | D                 | Secondary            |    1 |                 6000 |    1 | High Risk        |    1
 F         | D                 | Secondary            |    1 |                 6500 |    1 | High Risk        |    1
 F         | D                 | Secondary            |    1 |                 6500 |    1 | Unknown          |    1
 F         | D                 | Secondary            |    1 |                10000 |    1 | Low Risk         |    1
 F         | D                 | Unknown              |    1 |                 3500 |    1 | High Risk        |    1
 F         | D                 | Unknown              |    1 |                 3500 |    1 | Low Risk         |    1
 F         | D                 | Unknown              |    1 |                 6000 |    1 | Good             |    1
 F         | D                 | Unknown              |    1 |                 6000 |    1 | Unknown          |    1
 F         | D                 | Unknown              |    1 |                 6500 |    1 | High Risk        |    1
 F         | D                 | Unknown              |    1 |                 7500 |    1 | Low Risk         |    1
 F         | D                 | Unknown              |    1 |                 8000 |    1 | Good             |    1
 F         | D                 | Unknown              |    2 |                 8500 |    2 | Low Risk         |    2
 F         | D                 | Unknown              |    1 |                 8500 |    1 | Unknown          |    1
 F         | D                 | Unknown              |    1 |                 9000 |    1 | High Risk        |    1
 F         | D                 | Unknown              |    1 |                 9500 |    1 | High Risk        |    1
 F         | M                 | 2 yr Degree          |    1 |                 2000 |    1 | Unknown          |    1
 F         | M                 | 2 yr Degree          |    1 |                 3000 |    1 | Good             |    1
 F         | M                 | 2 yr Degree          |    1 |                 5500 |    1 | Good             |    1
 F         | M                 | 2 yr Degree          |    1 |                 7000 |    1 | Good             |    1
 F         | M                 | 2 yr Degree          |    1 |                 7500 |    1 | Low Risk         |    1
 F         | M                 | 2 yr Degree          |    1 |                 8500 |    1 | Good             |    1
 F         | M                 | 2 yr Degree          |    1 |                 8500 |    1 | Unknown          |    1
 F         | M                 | 2 yr Degree          |    1 |                 9000 |    1 | Good             |    1
 F         | M                 | 4 yr Degree          |    1 |                 1000 |    1 | Low Risk         |    1
 F         | M                 | 4 yr Degree          |    1 |                 2000 |    1 | Good             |    1
 F         | M                 | 4 yr Degree          |    1 |                 2000 |    1 | High Risk        |    1
 F         | M                 | 4 yr Degree          |    1 |                 3000 |    1 | Unknown          |    1
 F         | M                 | 4 yr Degree          |    1 |                 3500 |    1 | Low Risk         |    1
 F         | M                 | 4 yr Degree          |    1 |                 4500 |    1 | Unknown          |    1
 F         | M                 | 4 yr Degree          |    1 |                 5000 |    1 | Unknown          |    1
 F         | M                 | 4 yr Degree          |    1 |                 5500 |    1 | High Risk        |    1
 F         | M                 | 4 yr Degree          |    1 |                 6000 |    1 | Unknown          |    1
 F         | M                 | 4 yr Degree          |    1 |                 6500 |    1 | Good             |    1
 F         | M                 | 4 yr Degree          |    1 |                 8500 |    1 | High Risk        |    1
 F         | M                 | 4 yr Degree          |    1 |                 8500 |    1 | Low Risk         |    1
 F         | M                 | 4 yr Degree          |    1 |                10000 |    1 | Low Risk         |    1
 F         | M                 | Advanced Degree      |    1 |                 3500 |    1 | Good             |    1
 F         | M                 | Advanced Degree      |    1 |                 4000 |    1 | Unknown          |    1
 F         | M                 | Advanced Degree      |    1 |                 5500 |    1 | Low Risk         |    1
 F         | M                 | Advanced Degree      |    1 |                 6500 |    1 | Low Risk         |    1
 F         | M                 | Advanced Degree      |    1 |                 7000 |    1 | Low Risk         |    1
 F         | M                 | College              |    1 |                  500 |    1 | High Risk        |    1
 F         | M                 | College              |    1 |                  500 |    1 | Unknown          |    1
 F         | M                 | College              |    1 |                 1000 |    1 | High Risk        |    1
(100 rows)

