                                                                                                         QUERY PLAN                                                                                                         
----------------------------------------------------------------------------------------------------------------------------------------------------------------------------------------------------------------------------
 Sort  (cost=70439.41..70439.45 rows=18 width=77)
   Sort Key: (count(*)) DESC, customer.c_last_name
   ->  Nested Loop  (cost=70269.35..70439.03 rows=18 width=77)
         ->  Finalize GroupAggregate  (cost=70269.06..70289.27 rows=18 width=16)
               Group Key: store_sales.ss_ticket_number, store_sales.ss_customer_sk
               Filter: ((count(*) >= 1) AND (count(*) <= 5))
               ->  Gather Merge  (cost=70269.06..70285.87 rows=134 width=16)
                     Workers Planned: 2
                     ->  Partial GroupAggregate  (cost=69269.04..69270.38 rows=67 width=16)
                           Group Key: store_sales.ss_ticket_number, store_sales.ss_customer_sk
                           ->  Sort  (cost=69269.04..69269.20 rows=67 width=8)
                                 Sort Key: store_sales.ss_ticket_number, store_sales.ss_customer_sk
                                 ->  Hash Join  (cost=2415.61..69267.00 rows=67 width=8)
                                       Hash Cond: (store_sales.ss_store_sk = store.s_store_sk)
                                       ->  Hash Join  (cost=2414.31..69265.45 rows=70 width=12)
                                             Hash Cond: (store_sales.ss_hdemo_sk = household_demographics.hd_demo_sk)
                                             ->  Parallel Hash Join  (cost=2211.20..69059.50 rows=1081 width=16)
                                                   Hash Cond: (store_sales.ss_sold_date_sk = date_dim.d_date_sk)
                                                   ->  Parallel Seq Scan on store_sales  (cost=0.00..63697.68 rows=1200168 width=20)
                                                   ->  Parallel Hash  (cost=2210.69..2210.69 rows=41 width=4)
                                                         ->  Parallel Seq Scan on date_dim  (cost=0.00..2210.69 rows=41 width=4)
                                                               Filter: ((d_dom >= 1) AND (d_dom <= 2) AND (d_year = ANY ('{2000,2001,2002}'::integer[])))
                                             ->  Hash  (cost=197.00..197.00 rows=489 width=4)
                                                   ->  Seq Scan on household_demographics  (cost=0.00..197.00 rows=489 width=4)
                                                         Filter: ((hd_vehicle_count > 0) AND (hd_dep_count > hd_vehicle_count) AND ((hd_buy_potential = '1001-5000'::bpchar) OR (hd_buy_potential = '5001-10000'::bpchar)))
                                       ->  Hash  (cost=1.15..1.15 rows=12 width=4)
                                             ->  Seq Scan on store  (cost=0.00..1.15 rows=12 width=4)
                                                   Filter: ((s_county)::text = 'Williamson County'::text)
         ->  Index Scan using customer_pkey on customer  (cost=0.29..8.31 rows=1 width=69)
               Index Cond: (c_customer_sk = store_sales.ss_customer_sk)
(30 rows)

          c_last_name           |     c_first_name     | c_salutation | c_preferred_cust_flag | ss_ticket_number | cnt 
--------------------------------+----------------------+--------------+-----------------------+------------------+-----
 Donohue                        | Robert               | Mr.          | Y                     |           126839 |   5
 Knox                           | Ruth                 | Dr.          | Y                     |           166798 |   5
 Steiner                        | Tyler                | Dr.          | N                     |           229659 |   4
(3 rows)

