                                                                                     QUERY PLAN                                                                                      
-------------------------------------------------------------------------------------------------------------------------------------------------------------------------------------
 Aggregate  (cost=33779.67..33779.68 rows=1 width=8)
   ->  Subquery Scan on cool_cust  (cost=16473.70..33749.33 rows=12135 width=0)
         ->  HashSetOp Except  (cost=16473.70..33627.98 rows=12135 width=216)
               ->  Append  (cost=16473.70..33512.02 rows=15461 width=216)
                     ->  Result  (cost=16473.70..27307.34 rows=12135 width=216)
                           ->  HashSetOp Except  (cost=16473.70..27185.99 rows=12135 width=216)
                                 ->  Append  (cost=16473.70..27045.47 rows=18737 width=216)
                                       ->  Subquery Scan on "*SELECT* 1"  (cost=16473.70..16716.40 rows=12135 width=60)
                                             ->  HashAggregate  (cost=16473.70..16595.05 rows=12135 width=56)
                                                   Group Key: customer.c_last_name, customer.c_first_name, date_dim.d_date
                                                   ->  Gather  (cost=1000.72..16382.69 rows=12135 width=56)
                                                         Workers Planned: 1
                                                         ->  Nested Loop  (cost=0.72..14169.19 rows=7138 width=56)
                                                               ->  Nested Loop  (cost=0.43..11820.34 rows=7475 width=8)
                                                                     ->  Parallel Seq Scan on date_dim  (cost=0.00..2049.55 rows=199 width=8)
                                                                           Filter: ((d_month_seq >= 1202) AND (d_month_seq <= 1213))
                                                                     ->  Index Only Scan using idx_store_sales_date_customer on store_sales  (cost=0.43..34.04 rows=1506 width=8)
                                                                           Index Cond: (ss_sold_date_sk = date_dim.d_date_sk)
                                                               ->  Index Scan using customer_pkey on customer  (cost=0.29..0.31 rows=1 width=56)
                                                                     Index Cond: (c_customer_sk = store_sales.ss_customer_sk)
                                       ->  Subquery Scan on "*SELECT* 2"  (cost=10103.34..10235.38 rows=6602 width=60)
                                             ->  HashAggregate  (cost=10103.34..10169.36 rows=6602 width=56)
                                                   Group Key: customer_1.c_last_name, customer_1.c_first_name, date_dim_1.d_date
                                                   ->  Gather  (cost=1000.72..10053.83 rows=6602 width=56)
                                                         Workers Planned: 1
                                                         ->  Nested Loop  (cost=0.72..8393.63 rows=3884 width=56)
                                                               ->  Nested Loop  (cost=0.43..7150.41 rows=3904 width=8)
                                                                     ->  Parallel Seq Scan on date_dim date_dim_1  (cost=0.00..2049.55 rows=199 width=8)
                                                                           Filter: ((d_month_seq >= 1202) AND (d_month_seq <= 1213))
                                                                     ->  Index Only Scan using idx_catalog_sales_date_customer on catalog_sales  (cost=0.43..17.79 rows=784 width=8)
                                                                           Index Cond: (cs_sold_date_sk = date_dim_1.d_date_sk)
                                                               ->  Index Scan using customer_pkey on customer customer_1  (cost=0.29..0.32 rows=1 width=56)
                                                                     Index Cond: (c_customer_sk = catalog_sales.cs_bill_customer_sk)
                     ->  Subquery Scan on "*SELECT* 3"  (cost=6060.85..6127.37 rows=3326 width=60)
                           ->  HashAggregate  (cost=6060.85..6094.11 rows=3326 width=56)
                                 Group Key: customer_2.c_last_name, customer_2.c_first_name, date_dim_2.d_date
                                 ->  Nested Loop  (cost=1.01..6035.91 rows=3326 width=56)
                                       ->  Nested Loop  (cost=0.72..4948.23 rows=3327 width=8)
                                             ->  Index Scan using idx_date_dim_month_seq on date_dim date_dim_2  (cost=0.29..21.05 rows=338 width=8)
                                                   Index Cond: ((d_month_seq >= 1202) AND (d_month_seq <= 1213))
                                             ->  Index Only Scan using idx_web_sales_date_customer on web_sales  (cost=0.42..10.63 rows=395 width=8)
                                                   Index Cond: (ws_sold_date_sk = date_dim_2.d_date_sk)
                                       ->  Index Scan using customer_pkey on customer customer_2  (cost=0.29..0.33 rows=1 width=56)
                                             Index Cond: (c_customer_sk = web_sales.ws_bill_customer_sk)
(44 rows)

 count 
-------
 47049
(1 row)

