                                                                                                                                        QUERY PLAN                                                                                                                                         
-------------------------------------------------------------------------------------------------------------------------------------------------------------------------------------------------------------------------------------------------------------------------------------------
 Limit  (cost=48561.94..48574.32 rows=100 width=43)
   ->  Finalize GroupAggregate  (cost=48561.94..48588.56 rows=215 width=43)
         Group Key: customer_address.ca_zip
         ->  Gather Merge  (cost=48561.94..48584.52 rows=180 width=43)
               Workers Planned: 2
               ->  Partial GroupAggregate  (cost=47561.92..47563.72 rows=90 width=43)
                     Group Key: customer_address.ca_zip
                     ->  Sort  (cost=47561.92..47562.14 rows=90 width=17)
                           Sort Key: customer_address.ca_zip
                           ->  Nested Loop  (cost=2050.83..47559.00 rows=90 width=17)
                                 Join Filter: ((substr((customer_address.ca_zip)::text, 1, 5) = ANY ('{85669,86197,88274,83405,86475,85392,85460,80348,81792}'::text[])) OR (customer_address.ca_state = ANY ('{CA,WA,GA}'::bpchar[])) OR (catalog_sales.cs_sales_price > '500'::numeric))
                                 ->  Nested Loop  (cost=2050.52..47275.71 rows=740 width=10)
                                       ->  Parallel Hash Join  (cost=2050.23..47038.47 rows=745 width=10)
                                             Hash Cond: (catalog_sales.cs_sold_date_sk = date_dim.d_date_sk)
                                             ->  Parallel Seq Scan on catalog_sales  (cost=0.00..43411.46 rows=600646 width=14)
                                             ->  Parallel Hash  (cost=2049.55..2049.55 rows=54 width=4)
                                                   ->  Parallel Seq Scan on date_dim  (cost=0.00..2049.55 rows=54 width=4)
                                                         Filter: ((d_qoy = 2) AND (d_year = 2001))
                                       ->  Index Scan using customer_pkey on customer  (cost=0.29..0.32 rows=1 width=8)
                                             Index Cond: (c_customer_sk = catalog_sales.cs_bill_customer_sk)
                                 ->  Index Scan using customer_address_pkey on customer_address  (cost=0.29..0.36 rows=1 width=18)
                                       Index Cond: (ca_address_sk = customer.c_current_addr_sk)
(22 rows)

