                                                                                                                 QUERY PLAN                                                                                                                 
--------------------------------------------------------------------------------------------------------------------------------------------------------------------------------------------------------------------------------------------
 Limit  (cost=15741440.32..26794025.08 rows=100 width=259)
   ->  GroupAggregate  (cost=15741440.32..799038122.27 rows=7087 width=259)
         Group Key: ca.ca_state, customer_demographics.cd_gender, customer_demographics.cd_marital_status, customer_demographics.cd_dep_count, customer_demographics.cd_dep_employed_count, customer_demographics.cd_dep_college_count
         ->  Incremental Sort  (cost=15741440.32..799037661.62 rows=7087 width=19)
               Sort Key: ca.ca_state, customer_demographics.cd_gender, customer_demographics.cd_marital_status, customer_demographics.cd_dep_count, customer_demographics.cd_dep_employed_count, customer_demographics.cd_dep_college_count
               Presorted Key: ca.ca_state
               ->  Nested Loop  (cost=75517.86..799037153.69 rows=7087 width=19)
                     Join Filter: (c.c_current_addr_sk = ca.ca_address_sk)
                     ->  Gather Merge  (cost=4564.10..10262.63 rows=50000 width=7)
                           Workers Planned: 1
                           ->  Sort  (cost=3564.09..3637.62 rows=29412 width=7)
                                 Sort Key: ca.ca_state
                                 ->  Parallel Seq Scan on customer_address ca  (cost=0.00..1381.12 rows=29412 width=7)
                     ->  Materialize  (cost=70953.76..793711658.77 rows=7087 width=20)
                           ->  Nested Loop  (cost=70953.76..793711623.34 rows=7087 width=20)
                                 ->  Nested Loop  (cost=70953.33..793697729.07 rows=7351 width=8)
                                       ->  HashAggregate  (cost=70953.04..71055.68 rows=10264 width=4)
                                             Group Key: store_sales.ss_customer_sk
                                             ->  Gather  (cost=3051.56..70927.38 rows=10264 width=4)
                                                   Workers Planned: 2
                                                   ->  Parallel Hash Join  (cost=2051.56..68900.98 rows=4277 width=4)
                                                         Hash Cond: (store_sales.ss_sold_date_sk = date_dim.d_date_sk)
                                                         ->  Parallel Seq Scan on store_sales  (cost=0.00..63698.56 rows=1200256 width=8)
                                                         ->  Parallel Hash  (cost=2049.55..2049.55 rows=161 width=4)
                                                               ->  Parallel Seq Scan on date_dim  (cost=0.00..2049.55 rows=161 width=4)
                                                                     Filter: ((d_qoy < 4) AND (d_year = 1999))
                                       ->  Index Scan using customer_pkey on customer c  (cost=0.29..83537.84 rows=1 width=12)
                                             Index Cond: (c_customer_sk = store_sales.ss_customer_sk)
                                             Filter: ((hashed SubPlan 2) OR (hashed SubPlan 4))
                                             SubPlan 2
                                               ->  Gather  (cost=3051.56..25871.57 rows=2687 width=4)
                                                     Workers Planned: 2
                                                     ->  Parallel Hash Join  (cost=2051.56..24602.87 rows=1120 width=4)
                                                           Hash Cond: (web_sales.ws_sold_date_sk = date_dim_1.d_date_sk)
                                                           ->  Parallel Seq Scan on web_sales  (cost=0.00..21764.43 rows=299743 width=8)
                                                           ->  Parallel Hash  (cost=2049.55..2049.55 rows=161 width=4)
                                                                 ->  Parallel Seq Scan on date_dim date_dim_1  (cost=0.00..2049.55 rows=161 width=4)
                                                                       Filter: ((d_qoy < 4) AND (d_year = 1999))
                                             SubPlan 4
                                               ->  Gather  (cost=3051.56..48575.81 rows=5360 width=4)
                                                     Workers Planned: 2
                                                     ->  Parallel Hash Join  (cost=2051.56..47039.81 rows=2233 width=4)
                                                           Hash Cond: (catalog_sales.cs_sold_date_sk = date_dim_2.d_date_sk)
                                                           ->  Parallel Seq Scan on catalog_sales  (cost=0.00..43411.46 rows=600646 width=8)
                                                           ->  Parallel Hash  (cost=2049.55..2049.55 rows=161 width=4)
                                                                 ->  Parallel Seq Scan on date_dim date_dim_2  (cost=0.00..2049.55 rows=161 width=4)
                                                                       Filter: ((d_qoy < 4) AND (d_year = 1999))
                                 ->  Index Scan using customer_demographics_pkey on customer_demographics  (cost=0.43..1.89 rows=1 width=20)
                                       Index Cond: (cd_demo_sk = c.c_current_cdemo_sk)
 JIT:
   Functions: 74
   Options: Inlining true, Optimization true, Expressions true, Deforming true
(52 rows)

