                                                                                                                           QUERY PLAN                                                                                                                           
----------------------------------------------------------------------------------------------------------------------------------------------------------------------------------------------------------------------------------------------------------------
 Nested Loop  (cost=562774.58..562774.81 rows=1 width=64)
   ->  Nested Loop  (cost=492432.14..492432.34 rows=1 width=56)
         ->  Nested Loop  (cost=422083.79..422083.96 rows=1 width=48)
               ->  Nested Loop  (cost=351735.70..351735.84 rows=1 width=40)
                     ->  Nested Loop  (cost=281388.09..281388.20 rows=1 width=32)
                           ->  Nested Loop  (cost=211040.68..211040.76 rows=1 width=24)
                                 ->  Nested Loop  (cost=140692.67..140692.72 rows=1 width=16)
                                       ->  Finalize Aggregate  (cost=70344.92..70344.93 rows=1 width=8)
                                             ->  Gather  (cost=70344.70..70344.91 rows=2 width=8)
                                                   Workers Planned: 2
                                                   ->  Partial Aggregate  (cost=69344.70..69344.71 rows=1 width=8)
                                                         ->  Hash Join  (cost=2420.84..69344.00 rows=283 width=0)
                                                               Hash Cond: (store_sales.ss_store_sk = store.s_store_sk)
                                                               ->  Hash Join  (cost=2419.68..69330.33 rows=3562 width=4)
                                                                     Hash Cond: (store_sales.ss_hdemo_sk = household_demographics.hd_demo_sk)
                                                                     ->  Parallel Hash Join  (cost=2172.28..69021.66 rows=23331 width=8)
                                                                           Hash Cond: (store_sales.ss_sold_time_sk = time_dim.t_time_sk)
                                                                           ->  Parallel Seq Scan on store_sales  (cost=0.00..63698.56 rows=1200256 width=12)
                                                                           ->  Parallel Hash  (cost=2159.35..2159.35 rows=1034 width=4)
                                                                                 ->  Parallel Seq Scan on time_dim  (cost=0.00..2159.35 rows=1034 width=4)
                                                                                       Filter: ((t_minute >= 30) AND (t_hour = 8))
                                                                     ->  Hash  (cost=233.00..233.00 rows=1152 width=4)
                                                                           ->  Seq Scan on household_demographics  (cost=0.00..233.00 rows=1152 width=4)
                                                                                 Filter: (((hd_dep_count = 0) AND (hd_vehicle_count <= 2)) OR ((hd_dep_count = '-1'::integer) AND (hd_vehicle_count <= 1)) OR ((hd_dep_count = 3) AND (hd_vehicle_count <= 5)))
                                                               ->  Hash  (cost=1.15..1.15 rows=1 width=4)
                                                                     ->  Seq Scan on store  (cost=0.00..1.15 rows=1 width=4)
                                                                           Filter: ((s_store_name)::text = 'ese'::text)
                                       ->  Finalize Aggregate  (cost=70347.75..70347.76 rows=1 width=8)
                                             ->  Gather  (cost=70347.54..70347.75 rows=2 width=8)
                                                   Workers Planned: 2
                                                   ->  Partial Aggregate  (cost=69347.54..69347.55 rows=1 width=8)
                                                         ->  Hash Join  (cost=2421.27..69346.81 rows=292 width=0)
                                                               Hash Cond: (store_sales_1.ss_store_sk = store_1.s_store_sk)
                                                               ->  Hash Join  (cost=2420.10..69332.75 rows=3677 width=4)
                                                                     Hash Cond: (store_sales_1.ss_hdemo_sk = household_demographics_1.hd_demo_sk)
                                                                     ->  Parallel Hash Join  (cost=2172.70..69022.08 rows=24088 width=8)
                                                                           Hash Cond: (store_sales_1.ss_sold_time_sk = time_dim_1.t_time_sk)
                                                                           ->  Parallel Seq Scan on store_sales store_sales_1  (cost=0.00..63698.56 rows=1200256 width=12)
                                                                           ->  Parallel Hash  (cost=2159.35..2159.35 rows=1068 width=4)
                                                                                 ->  Parallel Seq Scan on time_dim time_dim_1  (cost=0.00..2159.35 rows=1068 width=4)
                                                                                       Filter: ((t_minute < 30) AND (t_hour = 9))
                                                                     ->  Hash  (cost=233.00..233.00 rows=1152 width=4)
                                                                           ->  Seq Scan on household_demographics household_demographics_1  (cost=0.00..233.00 rows=1152 width=4)
                                                                                 Filter: (((hd_dep_count = 0) AND (hd_vehicle_count <= 2)) OR ((hd_dep_count = '-1'::integer) AND (hd_vehicle_count <= 1)) OR ((hd_dep_count = 3) AND (hd_vehicle_count <= 5)))
                                                               ->  Hash  (cost=1.15..1.15 rows=1 width=4)
                                                                     ->  Seq Scan on store store_1  (cost=0.00..1.15 rows=1 width=4)
                                                                           Filter: ((s_store_name)::text = 'ese'::text)
                                 ->  Finalize Aggregate  (cost=70348.01..70348.02 rows=1 width=8)
                                       ->  Gather  (cost=70347.79..70348.00 rows=2 width=8)
                                             Workers Planned: 2
                                             ->  Partial Aggregate  (cost=69347.79..69347.80 rows=1 width=8)
                                                   ->  Hash Join  (cost=2421.30..69347.06 rows=293 width=0)
                                                         Hash Cond: (store_sales_2.ss_store_sk = store_2.s_store_sk)
                                                         ->  Hash Join  (cost=2420.14..69332.96 rows=3687 width=4)
                                                               Hash Cond: (store_sales_2.ss_hdemo_sk = household_demographics_2.hd_demo_sk)
                                                               ->  Parallel Hash Join  (cost=2172.74..69022.12 rows=24154 width=8)
                                                                     Hash Cond: (store_sales_2.ss_sold_time_sk = time_dim_2.t_time_sk)
                                                                     ->  Parallel Seq Scan on store_sales store_sales_2  (cost=0.00..63698.56 rows=1200256 width=12)
                                                                     ->  Parallel Hash  (cost=2159.35..2159.35 rows=1071 width=4)
                                                                           ->  Parallel Seq Scan on time_dim time_dim_2  (cost=0.00..2159.35 rows=1071 width=4)
                                                                                 Filter: ((t_minute >= 30) AND (t_hour = 9))
                                                               ->  Hash  (cost=233.00..233.00 rows=1152 width=4)
                                                                     ->  Seq Scan on household_demographics household_demographics_2  (cost=0.00..233.00 rows=1152 width=4)
                                                                           Filter: (((hd_dep_count = 0) AND (hd_vehicle_count <= 2)) OR ((hd_dep_count = '-1'::integer) AND (hd_vehicle_count <= 1)) OR ((hd_dep_count = 3) AND (hd_vehicle_count <= 5)))
                                                         ->  Hash  (cost=1.15..1.15 rows=1 width=4)
                                                               ->  Seq Scan on store store_2  (cost=0.00..1.15 rows=1 width=4)
                                                                     Filter: ((s_store_name)::text = 'ese'::text)
                           ->  Finalize Aggregate  (cost=70347.41..70347.42 rows=1 width=8)
                                 ->  Gather  (cost=70347.20..70347.41 rows=2 width=8)
                                       Workers Planned: 2
                                       ->  Partial Aggregate  (cost=69347.20..69347.21 rows=1 width=8)
                                             ->  Hash Join  (cost=2421.22..69346.47 rows=291 width=0)
                                                   Hash Cond: (store_sales_3.ss_store_sk = store_3.s_store_sk)
                                                   ->  Hash Join  (cost=2420.05..69332.45 rows=3663 width=4)
                                                         Hash Cond: (store_sales_3.ss_hdemo_sk = household_demographics_3.hd_demo_sk)
                                                         ->  Parallel Hash Join  (cost=2172.65..69022.03 rows=23995 width=8)
                                                               Hash Cond: (store_sales_3.ss_sold_time_sk = time_dim_3.t_time_sk)
                                                               ->  Parallel Seq Scan on store_sales store_sales_3  (cost=0.00..63698.56 rows=1200256 width=12)
                                                               ->  Parallel Hash  (cost=2159.35..2159.35 rows=1064 width=4)
                                                                     ->  Parallel Seq Scan on time_dim time_dim_3  (cost=0.00..2159.35 rows=1064 width=4)
                                                                           Filter: ((t_minute < 30) AND (t_hour = 10))
                                                         ->  Hash  (cost=233.00..233.00 rows=1152 width=4)
                                                               ->  Seq Scan on household_demographics household_demographics_3  (cost=0.00..233.00 rows=1152 width=4)
                                                                     Filter: (((hd_dep_count = 0) AND (hd_vehicle_count <= 2)) OR ((hd_dep_count = '-1'::integer) AND (hd_vehicle_count <= 1)) OR ((hd_dep_count = 3) AND (hd_vehicle_count <= 5)))
                                                   ->  Hash  (cost=1.15..1.15 rows=1 width=4)
                                                         ->  Seq Scan on store store_3  (cost=0.00..1.15 rows=1 width=4)
                                                               Filter: ((s_store_name)::text = 'ese'::text)
                     ->  Finalize Aggregate  (cost=70347.61..70347.62 rows=1 width=8)
                           ->  Gather  (cost=70347.39..70347.60 rows=2 width=8)
                                 Workers Planned: 2
                                 ->  Partial Aggregate  (cost=69347.39..69347.40 rows=1 width=8)
                                       ->  Hash Join  (cost=2421.24..69346.66 rows=292 width=0)
                                             Hash Cond: (store_sales_4.ss_store_sk = store_4.s_store_sk)
                                             ->  Hash Join  (cost=2420.08..69332.62 rows=3671 width=4)
                                                   Hash Cond: (store_sales_4.ss_hdemo_sk = household_demographics_4.hd_demo_sk)
                                                   ->  Parallel Hash Join  (cost=2172.68..69022.06 rows=24048 width=8)
                                                         Hash Cond: (store_sales_4.ss_sold_time_sk = time_dim_4.t_time_sk)
                                                         ->  Parallel Seq Scan on store_sales store_sales_4  (cost=0.00..63698.56 rows=1200256 width=12)
                                                         ->  Parallel Hash  (cost=2159.35..2159.35 rows=1066 width=4)
                                                               ->  Parallel Seq Scan on time_dim time_dim_4  (cost=0.00..2159.35 rows=1066 width=4)
                                                                     Filter: ((t_minute >= 30) AND (t_hour = 10))
                                                   ->  Hash  (cost=233.00..233.00 rows=1152 width=4)
                                                         ->  Seq Scan on household_demographics household_demographics_4  (cost=0.00..233.00 rows=1152 width=4)
                                                               Filter: (((hd_dep_count = 0) AND (hd_vehicle_count <= 2)) OR ((hd_dep_count = '-1'::integer) AND (hd_vehicle_count <= 1)) OR ((hd_dep_count = 3) AND (hd_vehicle_count <= 5)))
                                             ->  Hash  (cost=1.15..1.15 rows=1 width=4)
                                                   ->  Seq Scan on store store_4  (cost=0.00..1.15 rows=1 width=4)
                                                         Filter: ((s_store_name)::text = 'ese'::text)
               ->  Finalize Aggregate  (cost=70348.10..70348.11 rows=1 width=8)
                     ->  Gather  (cost=70347.88..70348.09 rows=2 width=8)
                           Workers Planned: 2
                           ->  Partial Aggregate  (cost=69347.88..69347.89 rows=1 width=8)
                                 ->  Hash Join  (cost=2421.32..69347.15 rows=293 width=0)
                                       Hash Cond: (store_sales_5.ss_store_sk = store_5.s_store_sk)
                                       ->  Hash Join  (cost=2420.15..69333.04 rows=3691 width=4)
                                             Hash Cond: (store_sales_5.ss_hdemo_sk = household_demographics_5.hd_demo_sk)
                                             ->  Parallel Hash Join  (cost=2172.75..69022.13 rows=24180 width=8)
                                                   Hash Cond: (store_sales_5.ss_sold_time_sk = time_dim_5.t_time_sk)
                                                   ->  Parallel Seq Scan on store_sales store_sales_5  (cost=0.00..63698.56 rows=1200256 width=12)
                                                   ->  Parallel Hash  (cost=2159.35..2159.35 rows=1072 width=4)
                                                         ->  Parallel Seq Scan on time_dim time_dim_5  (cost=0.00..2159.35 rows=1072 width=4)
                                                               Filter: ((t_minute < 30) AND (t_hour = 11))
                                             ->  Hash  (cost=233.00..233.00 rows=1152 width=4)
                                                   ->  Seq Scan on household_demographics household_demographics_5  (cost=0.00..233.00 rows=1152 width=4)
                                                         Filter: (((hd_dep_count = 0) AND (hd_vehicle_count <= 2)) OR ((hd_dep_count = '-1'::integer) AND (hd_vehicle_count <= 1)) OR ((hd_dep_count = 3) AND (hd_vehicle_count <= 5)))
                                       ->  Hash  (cost=1.15..1.15 rows=1 width=4)
                                             ->  Seq Scan on store store_5  (cost=0.00..1.15 rows=1 width=4)
                                                   Filter: ((s_store_name)::text = 'ese'::text)
         ->  Finalize Aggregate  (cost=70348.35..70348.36 rows=1 width=8)
               ->  Gather  (cost=70348.13..70348.34 rows=2 width=8)
                     Workers Planned: 2
                     ->  Partial Aggregate  (cost=69348.13..69348.14 rows=1 width=8)
                           ->  Hash Join  (cost=2421.35..69347.40 rows=294 width=0)
                                 Hash Cond: (store_sales_6.ss_store_sk = store_6.s_store_sk)
                                 ->  Hash Join  (cost=2420.19..69333.25 rows=3701 width=4)
                                       Hash Cond: (store_sales_6.ss_hdemo_sk = household_demographics_6.hd_demo_sk)
                                       ->  Parallel Hash Join  (cost=2172.79..69022.17 rows=24247 width=8)
                                             Hash Cond: (store_sales_6.ss_sold_time_sk = time_dim_6.t_time_sk)
                                             ->  Parallel Seq Scan on store_sales store_sales_6  (cost=0.00..63698.56 rows=1200256 width=12)
                                             ->  Parallel Hash  (cost=2159.35..2159.35 rows=1075 width=4)
                                                   ->  Parallel Seq Scan on time_dim time_dim_6  (cost=0.00..2159.35 rows=1075 width=4)
                                                         Filter: ((t_minute >= 30) AND (t_hour = 11))
                                       ->  Hash  (cost=233.00..233.00 rows=1152 width=4)
                                             ->  Seq Scan on household_demographics household_demographics_6  (cost=0.00..233.00 rows=1152 width=4)
                                                   Filter: (((hd_dep_count = 0) AND (hd_vehicle_count <= 2)) OR ((hd_dep_count = '-1'::integer) AND (hd_vehicle_count <= 1)) OR ((hd_dep_count = 3) AND (hd_vehicle_count <= 5)))
                                 ->  Hash  (cost=1.15..1.15 rows=1 width=4)
                                       ->  Seq Scan on store store_6  (cost=0.00..1.15 rows=1 width=4)
                                             Filter: ((s_store_name)::text = 'ese'::text)
   ->  Finalize Aggregate  (cost=70342.44..70342.45 rows=1 width=8)
         ->  Gather  (cost=70342.22..70342.43 rows=2 width=8)
               Workers Planned: 2
               ->  Partial Aggregate  (cost=69342.22..69342.23 rows=1 width=8)
                     ->  Hash Join  (cost=2420.48..69341.54 rows=275 width=0)
                           Hash Cond: (store_sales_7.ss_store_sk = store_7.s_store_sk)
                           ->  Hash Join  (cost=2419.32..69328.23 rows=3460 width=4)
                                 Hash Cond: (store_sales_7.ss_hdemo_sk = household_demographics_7.hd_demo_sk)
                                 ->  Parallel Hash Join  (cost=2171.92..69021.29 rows=22668 width=8)
                                       Hash Cond: (store_sales_7.ss_sold_time_sk = time_dim_7.t_time_sk)
                                       ->  Parallel Seq Scan on store_sales store_sales_7  (cost=0.00..63698.56 rows=1200256 width=12)
                                       ->  Parallel Hash  (cost=2159.35..2159.35 rows=1005 width=4)
                                             ->  Parallel Seq Scan on time_dim time_dim_7  (cost=0.00..2159.35 rows=1005 width=4)
                                                   Filter: ((t_minute < 30) AND (t_hour = 12))
                                 ->  Hash  (cost=233.00..233.00 rows=1152 width=4)
                                       ->  Seq Scan on household_demographics household_demographics_7  (cost=0.00..233.00 rows=1152 width=4)
                                             Filter: (((hd_dep_count = 0) AND (hd_vehicle_count <= 2)) OR ((hd_dep_count = '-1'::integer) AND (hd_vehicle_count <= 1)) OR ((hd_dep_count = 3) AND (hd_vehicle_count <= 5)))
                           ->  Hash  (cost=1.15..1.15 rows=1 width=4)
                                 ->  Seq Scan on store store_7  (cost=0.00..1.15 rows=1 width=4)
                                       Filter: ((s_store_name)::text = 'ese'::text)
 JIT:
   Functions: 279
   Options: Inlining true, Optimization true, Expressions true, Deforming true
(170 rows)

