                                                                          QUERY PLAN                                                                          
--------------------------------------------------------------------------------------------------------------------------------------------------------------
 Finalize Aggregate  (cost=119134.82..119134.83 rows=1 width=32)
   ->  Gather  (cost=119134.58..119134.79 rows=2 width=64)
         Workers Planned: 2
         ->  Partial Aggregate  (cost=118134.58..118134.59 rows=1 width=64)
               ->  Parallel Hash Join  (cost=110917.27..117549.41 rows=33438 width=33)
                     Hash Cond: (part.p_partkey = lineitem.l_partkey)
                     ->  Parallel Seq Scan on part  (cost=0.00..4930.33 rows=83333 width=25)
                     ->  Parallel Hash  (cost=110499.29..110499.29 rows=33438 width=16)
                           ->  Parallel Bitmap Heap Scan on lineitem  (cost=2063.01..110499.29 rows=33438 width=16)
                                 Recheck Cond: ((l_shipdate >= '1995-10-01'::date) AND (l_shipdate < '1995-11-01 00:00:00'::timestamp without time zone))
                                 ->  Bitmap Index Scan on idx_lineitem_shipdate  (cost=0.00..2042.94 rows=80251 width=0)
                                       Index Cond: ((l_shipdate >= '1995-10-01'::date) AND (l_shipdate < '1995-11-01 00:00:00'::timestamp without time zone))
 JIT:
   Functions: 17
   Options: Inlining false, Optimization false, Expressions true, Deforming true
(15 rows)

    promo_revenue    
---------------------
 16.5037116875484461
(1 row)

