                                                                                QUERY PLAN                                                                                 
---------------------------------------------------------------------------------------------------------------------------------------------------------------------------
 Limit  (cost=67191.30..67191.31 rows=1 width=72)
   ->  Sort  (cost=67191.30..67191.31 rows=1 width=72)
         Sort Key: (count(DISTINCT cs1.cs_order_number))
         ->  Aggregate  (cost=67191.28..67191.29 rows=1 width=72)
               ->  Nested Loop  (cost=7386.08..67191.22 rows=8 width=16)
                     Join Filter: (cs1.cs_call_center_sk = call_center.cc_call_center_sk)
                     ->  Gather  (cost=7386.08..67189.47 rows=8 width=20)
                           Workers Planned: 2
                           ->  Nested Loop Semi Join  (cost=6386.08..66188.67 rows=3 width=20)
                                 ->  Nested Loop  (cost=6385.65..51424.66 rows=3 width=24)
                                       ->  Parallel Hash Anti Join  (cost=6385.36..51376.71 rows=153 width=28)
                                             Hash Cond: (cs1.cs_order_number = cr1.cr_order_number)
                                             ->  Parallel Hash Join  (cost=2049.98..47038.22 rows=466 width=28)
                                                   Hash Cond: (cs1.cs_ship_date_sk = date_dim.d_date_sk)
                                                   ->  Parallel Seq Scan on catalog_sales cs1  (cost=0.00..43411.46 rows=600646 width=32)
                                                   ->  Parallel Hash  (cost=2049.55..2049.55 rows=34 width=4)
                                                         ->  Parallel Seq Scan on date_dim  (cost=0.00..2049.55 rows=34 width=4)
                                                               Filter: ((d_date >= '2002-04-01'::date) AND (d_date <= '2002-05-31 00:00:00'::timestamp without time zone))
                                             ->  Parallel Hash  (cost=3585.03..3585.03 rows=60028 width=4)
                                                   ->  Parallel Index Only Scan using catalog_returns_pkey on catalog_returns cr1  (cost=0.42..3585.03 rows=60028 width=4)
                                       ->  Index Scan using customer_address_pkey on customer_address  (cost=0.29..0.31 rows=1 width=4)
                                             Index Cond: (ca_address_sk = cs1.cs_ship_addr_sk)
                                             Filter: (ca_state = 'PA'::bpchar)
                                 ->  Index Scan using catalog_sales_pkey on catalog_sales cs2  (cost=0.43..10812.32 rows=10 width=8)
                                       Index Cond: (cs_order_number = cs1.cs_order_number)
                                       Filter: (cs1.cs_warehouse_sk <> cs_warehouse_sk)
                     ->  Materialize  (cost=0.00..1.10 rows=6 width=4)
                           ->  Seq Scan on call_center  (cost=0.00..1.07 rows=6 width=4)
                                 Filter: ((cc_county)::text = 'Williamson County'::text)
(29 rows)

 order count | total shipping cost | total net profit 
-------------+---------------------+------------------
          45 |           223051.41 |       -102655.96
(1 row)

