                                                           QUERY PLAN                                                            
---------------------------------------------------------------------------------------------------------------------------------
 Limit  (cost=8846.23..8846.48 rows=100 width=91)
   ->  Sort  (cost=8846.23..8846.73 rows=200 width=91)
         Sort Key: dt.d_year, (sum(ss.ss_sales_price)) DESC, item.i_brand_id
         ->  Finalize GroupAggregate  (cost=8818.38..8838.58 rows=200 width=91)
               Group Key: dt.d_year, item.i_brand, item.i_brand_id
               ->  Gather Merge  (cost=8818.38..8834.61 rows=118 width=91)
                     Workers Planned: 1
                     ->  Partial GroupAggregate  (cost=7818.37..7821.32 rows=118 width=91)
                           Group Key: dt.d_year, item.i_brand, item.i_brand_id
                           ->  Sort  (cost=7818.37..7818.67 rows=118 width=65)
                                 Sort Key: dt.d_year, item.i_brand, item.i_brand_id
                                 ->  Nested Loop  (cost=6.08..7814.31 rows=118 width=65)
                                       ->  Nested Loop  (cost=5.79..7340.33 rows=1506 width=65)
                                             ->  Parallel Seq Scan on item  (cost=0.00..1362.35 rows=9 width=59)
                                                   Filter: (i_manufact_id = 816)
                                             ->  Bitmap Heap Scan on store_sales ss  (cost=5.79..662.47 rows=175 width=14)
                                                   Recheck Cond: (ss_item_sk = item.i_item_sk)
                                                   ->  Bitmap Index Scan on store_sales_pkey  (cost=0.00..5.74 rows=175 width=0)
                                                         Index Cond: (ss_item_sk = item.i_item_sk)
                                       ->  Index Scan using date_dim_pkey on date_dim dt  (cost=0.29..0.31 rows=1 width=8)
                                             Index Cond: (d_date_sk = ss.ss_sold_date_sk)
                                             Filter: (d_moy = 11)
(22 rows)

 d_year | brand_id |                       brand                        | sum_agg 
--------+----------+----------------------------------------------------+---------
   1998 |  4004001 | edu packedu pack #1                                |  703.97
   1998 |  7013003 | exportinameless #3                                 |  492.97
   1998 | 10003014 | exportiunivamalg #14                               |  298.05
   1998 |  4003002 | exportiedu pack #2                                 |  287.58
   1998 |  7014008 | edu packnameless #8                                |  244.46
   1998 |  3003001 | exportiexporti #1                                  |  208.88
   1998 |  8011005 | amalgmaxi #5                                       |  163.19
   1999 | 10003014 | exportiunivamalg #14                               |  755.61
   1999 |  4004001 | edu packedu pack #1                                |  488.81
   1999 |  7013003 | exportinameless #3                                 |  340.96
   1999 |  8011005 | amalgmaxi #5                                       |  279.91
   1999 |  7014008 | edu packnameless #8                                |  227.91
   1999 |  3003001 | exportiexporti #1                                  |  224.78
   1999 |  4003002 | exportiedu pack #2                                 |  197.51
   2000 | 10003014 | exportiunivamalg #14                               |  525.56
   2000 |  4003002 | exportiedu pack #2                                 |  254.37
   2000 |  1002002 | importoamalg #2                                    |  239.39
   2000 |  3003001 | exportiexporti #1                                  |  233.46
   2000 |  4004001 | edu packedu pack #1                                |  133.14
   2000 |  7014008 | edu packnameless #8                                |  100.50
   2001 |  1002002 | importoamalg #2                                    |  405.96
   2001 |  6011006 | amalgbrand #6                                      |  377.44
   2001 |  7014008 | edu packnameless #8                                |  307.89
   2001 |  4003002 | exportiedu pack #2                                 |  201.42
   2001 | 10003014 | exportiunivamalg #14                               |  163.47
   2002 |  8012002 | amalgedu pack #1                                   |  731.78
   2002 |  1004001 | edu packamalg #1                                   |  572.98
   2002 |  6011006 | amalgbrand #6                                      |  519.76
   2002 |  7014008 | edu packnameless #8                                |  141.15
   2002 |  4003002 | exportiedu pack #2                                 |  136.65
   2002 | 10003014 | exportiunivamalg #14                               |   73.79
(31 rows)

