                                                                                   QUERY PLAN                                                                                    
---------------------------------------------------------------------------------------------------------------------------------------------------------------------------------
 Limit  (cost=50166.35..50166.36 rows=1 width=32)
   ->  Aggregate  (cost=50166.35..50166.36 rows=1 width=32)
         ->  Nested Loop  (cost=48071.81..50166.35 rows=1 width=6)
               ->  Nested Loop  (cost=48071.52..50153.89 rows=39 width=10)
                     Join Filter: (item.i_item_sk = catalog_sales.cs_item_sk)
                     ->  Merge Join  (cost=48071.09..50057.11 rows=1 width=40)
                           Merge Cond: (item.i_item_sk = catalog_sales_1.cs_item_sk)
                           ->  Index Scan using item_pkey on item  (cost=0.29..1758.27 rows=16 width=4)
                                 Filter: (i_manufact_id = 722)
                           ->  Finalize GroupAggregate  (cost=48070.80..48278.18 rows=1649 width=36)
                                 Group Key: catalog_sales_1.cs_item_sk
                                 ->  Gather Merge  (cost=48070.80..48243.14 rows=1374 width=36)
                                       Workers Planned: 2
                                       ->  Partial GroupAggregate  (cost=47070.78..47084.52 rows=687 width=36)
                                             Group Key: catalog_sales_1.cs_item_sk
                                             ->  Sort  (cost=47070.78..47072.50 rows=687 width=10)
                                                   Sort Key: catalog_sales_1.cs_item_sk
                                                   ->  Parallel Hash Join  (cost=2050.16..47038.41 rows=687 width=10)
                                                         Hash Cond: (catalog_sales_1.cs_sold_date_sk = date_dim_1.d_date_sk)
                                                         ->  Parallel Seq Scan on catalog_sales catalog_sales_1  (cost=0.00..43411.46 rows=600646 width=14)
                                                         ->  Parallel Hash  (cost=2049.55..2049.55 rows=49 width=4)
                                                               ->  Parallel Seq Scan on date_dim date_dim_1  (cost=0.00..2049.55 rows=49 width=4)
                                                                     Filter: ((d_date >= '2001-03-09'::date) AND (d_date <= '2001-06-07 00:00:00'::timestamp without time zone))
                     ->  Index Scan using catalog_sales_pkey on catalog_sales  (cost=0.43..96.41 rows=29 width=14)
                           Index Cond: (cs_item_sk = catalog_sales_1.cs_item_sk)
                           Filter: (cs_ext_discount_amt > ((1.3 * avg(catalog_sales_1.cs_ext_discount_amt))))
               ->  Index Scan using date_dim_pkey on date_dim  (cost=0.29..0.32 rows=1 width=4)
                     Index Cond: (d_date_sk = catalog_sales.cs_sold_date_sk)
                     Filter: ((d_date >= '2001-03-09'::date) AND (d_date <= '2001-06-07 00:00:00'::timestamp without time zone))
(29 rows)

 excess discount amount 
------------------------
               19064.45
(1 row)

