                                                                          QUERY PLAN                                                                           
---------------------------------------------------------------------------------------------------------------------------------------------------------------
 Limit  (cost=149871.57..149871.58 rows=1 width=8)
   ->  Aggregate  (cost=149871.57..149871.58 rows=1 width=8)
         ->  Subquery Scan on hot_cust  (cost=3052.52..149862.64 rows=3572 width=0)
               ->  HashSetOp Intersect  (cost=3052.52..149826.92 rows=3572 width=216)
                     ->  Append  (cost=3052.52..149746.96 rows=10661 width=216)
                           ->  Subquery Scan on "*SELECT* 3"  (cost=3052.52..26483.24 rows=3572 width=60)
                                 ->  Gather  (cost=3052.52..26447.52 rows=3572 width=56)
                                       Workers Planned: 2
                                       ->  Nested Loop  (cost=2052.52..25090.32 rows=1488 width=56)
                                             ->  Parallel Hash Join  (cost=2052.23..24603.53 rows=1489 width=8)
                                                   Hash Cond: (web_sales.ws_sold_date_sk = date_dim.d_date_sk)
                                                   ->  Parallel Seq Scan on web_sales  (cost=0.00..21764.43 rows=299743 width=8)
                                                   ->  Parallel Hash  (cost=2049.55..2049.55 rows=214 width=8)
                                                         ->  Parallel Seq Scan on date_dim  (cost=0.00..2049.55 rows=214 width=8)
                                                               Filter: ((d_month_seq >= 1189) AND (d_month_seq <= 1200))
                                             ->  Index Scan using customer_pkey on customer  (cost=0.29..0.33 rows=1 width=56)
                                                   Index Cond: (c_customer_sk = web_sales.ws_bill_customer_sk)
                           ->  Result  (cost=3052.52..123210.42 rows=7089 width=216)
                                 ->  HashSetOp Intersect  (cost=3052.52..123139.53 rows=7089 width=216)
                                       ->  Append  (cost=3052.52..122988.61 rows=20122 width=216)
                                             ->  Subquery Scan on "*SELECT* 2"  (cost=3052.52..49765.73 rows=7089 width=60)
                                                   ->  Gather  (cost=3052.52..49694.84 rows=7089 width=56)
                                                         Workers Planned: 2
                                                         ->  Nested Loop  (cost=2052.52..47985.94 rows=2954 width=56)
                                                               ->  Parallel Hash Join  (cost=2052.23..47040.47 rows=2969 width=8)
                                                                     Hash Cond: (catalog_sales.cs_sold_date_sk = date_dim_1.d_date_sk)
                                                                     ->  Parallel Seq Scan on catalog_sales  (cost=0.00..43411.46 rows=600646 width=8)
                                                                     ->  Parallel Hash  (cost=2049.55..2049.55 rows=214 width=8)
                                                                           ->  Parallel Seq Scan on date_dim date_dim_1  (cost=0.00..2049.55 rows=214 width=8)
                                                                                 Filter: ((d_month_seq >= 1189) AND (d_month_seq <= 1200))
                                                               ->  Index Scan using customer_pkey on customer customer_1  (cost=0.29..0.32 rows=1 width=56)
                                                                     Index Cond: (c_customer_sk = catalog_sales.cs_bill_customer_sk)
                                             ->  Subquery Scan on "*SELECT* 1"  (cost=3052.52..73122.28 rows=13033 width=60)
                                                   ->  Gather  (cost=3052.52..72991.95 rows=13033 width=56)
                                                         Workers Planned: 2
                                                         ->  Nested Loop  (cost=2052.52..70688.65 rows=5430 width=56)
                                                               ->  Parallel Hash Join  (cost=2052.23..68901.64 rows=5687 width=8)
                                                                     Hash Cond: (store_sales.ss_sold_date_sk = date_dim_2.d_date_sk)
                                                                     ->  Parallel Seq Scan on store_sales  (cost=0.00..63698.56 rows=1200256 width=8)
                                                                     ->  Parallel Hash  (cost=2049.55..2049.55 rows=214 width=8)
                                                                           ->  Parallel Seq Scan on date_dim date_dim_2  (cost=0.00..2049.55 rows=214 width=8)
                                                                                 Filter: ((d_month_seq >= 1189) AND (d_month_seq <= 1200))
                                                               ->  Index Scan using customer_pkey on customer customer_2  (cost=0.29..0.31 rows=1 width=56)
                                                                     Index Cond: (c_customer_sk = store_sales.ss_customer_sk)
 JIT:
   Functions: 67
   Options: Inlining false, Optimization false, Expressions true, Deforming true
(47 rows)

 count 
-------
   108
(1 row)

