                                                                             QUERY PLAN                                                                              
---------------------------------------------------------------------------------------------------------------------------------------------------------------------
 Limit  (cost=5989.08..72851.48 rows=100 width=145)
   ->  GroupAggregate  (cost=5989.08..126341.39 rows=180 width=145)
         Group Key: i.i_item_id
         ->  Nested Loop  (cost=5989.08..126335.54 rows=180 width=36)
               Join Filter: (ss.ss_item_sk = i.i_item_sk)
               ->  Gather Merge  (cost=3043.71..5095.18 rows=18000 width=21)
                     Workers Planned: 1
                     ->  Sort  (cost=2043.70..2070.17 rows=10588 width=21)
                           Sort Key: i.i_item_id
                           ->  Parallel Seq Scan on item i  (cost=0.00..1335.88 rows=10588 width=21)
               ->  Materialize  (cost=2945.38..72640.82 rows=180 width=23)
                     ->  Nested Loop  (cost=2945.38..72639.92 rows=180 width=23)
                           ->  Gather  (cost=2945.23..72607.81 rows=189 width=27)
                                 Workers Planned: 2
                                 ->  Nested Loop  (cost=1945.23..71588.91 rows=79 width=27)
                                       ->  Parallel Hash Join  (cost=1944.80..68794.21 rows=5702 width=31)
                                             Hash Cond: (ss.ss_sold_date_sk = d.d_date_sk)
                                             ->  Parallel Seq Scan on store_sales ss  (cost=0.00..63698.56 rows=1200256 width=35)
                                             ->  Parallel Hash  (cost=1942.12..1942.12 rows=214 width=4)
                                                   ->  Parallel Seq Scan on date_dim d  (cost=0.00..1942.12 rows=214 width=4)
                                                         Filter: (d_year = 2001)
                                       ->  Index Scan using customer_demographics_pkey on customer_demographics cd  (cost=0.43..0.49 rows=1 width=4)
                                             Index Cond: (cd_demo_sk = ss.ss_cdemo_sk)
                                             Filter: ((cd_gender = 'F'::bpchar) AND (cd_marital_status = 'W'::bpchar) AND (cd_education_status = 'College'::bpchar))
                           ->  Index Scan using promotion_pkey on promotion p  (cost=0.15..0.17 rows=1 width=4)
                                 Index Cond: (p_promo_sk = ss.ss_promo_sk)
                                 Filter: ((p_channel_email = 'N'::bpchar) OR (p_channel_event = 'N'::bpchar))
(27 rows)

    i_item_id     |          agg1          |         agg2         |          agg3          |          agg4          
------------------+------------------------+----------------------+------------------------+------------------------
 AAAAAAAAAAACAAAA |    70.0000000000000000 |  74.2100000000000000 | 0.00000000000000000000 |    47.4900000000000000
 AAAAAAAAAAAEAAAA |    51.0000000000000000 | 137.8000000000000000 | 0.00000000000000000000 |    46.8500000000000000
 AAAAAAAAAABAAAAA |     2.0000000000000000 |  78.6000000000000000 |    31.0800000000000000 |    33.7900000000000000
 AAAAAAAAAABBAAAA |    24.0000000000000000 | 110.4300000000000000 | 0.00000000000000000000 |    26.5000000000000000
 AAAAAAAAAABEAAAA |    60.0000000000000000 |  62.7000000000000000 | 0.00000000000000000000 |    57.0500000000000000
 AAAAAAAAAACAAAAA |    54.0000000000000000 |  95.3000000000000000 | 0.00000000000000000000 |    48.7700000000000000
 AAAAAAAAAACCAAAA |    54.0000000000000000 |  71.2900000000000000 | 0.00000000000000000000 |    14.9700000000000000
 AAAAAAAAAADBAAAA |    14.0000000000000000 |  89.9500000000000000 | 0.00000000000000000000 |    17.9900000000000000
 AAAAAAAAAADEAAAA |     4.0000000000000000 |  52.6100000000000000 | 0.00000000000000000000 |    12.1000000000000000
 AAAAAAAAAAEAAAAA |    30.0000000000000000 |  34.9100000000000000 |   102.1000000000000000 |    26.1800000000000000
 AAAAAAAAAAEBAAAA |    25.0000000000000000 | 100.8600000000000000 |   347.9300000000000000 |    60.5100000000000000
 AAAAAAAAAAEDAAAA |    88.5000000000000000 | 105.5050000000000000 | 0.00000000000000000000 |    61.7000000000000000
 AAAAAAAAAAEEAAAA |    30.0000000000000000 |   6.0300000000000000 | 0.00000000000000000000 |     5.5400000000000000
 AAAAAAAAAAFCAAAA |    66.0000000000000000 |  35.4000000000000000 | 0.00000000000000000000 |    13.8000000000000000
 AAAAAAAAAAGCAAAA |    42.0000000000000000 |  19.6400000000000000 | 0.00000000000000000000 |     7.6500000000000000
 AAAAAAAAAAHAAAAA |    95.0000000000000000 |  97.0100000000000000 |  8940.3900000000000000 |    96.0300000000000000
 AAAAAAAAAAHBAAAA |    98.0000000000000000 |  38.0950000000000000 | 0.00000000000000000000 |    28.8000000000000000
 AAAAAAAAAAIAAAAA |    99.0000000000000000 |  82.5800000000000000 |  3045.7100000000000000 |    66.8800000000000000
 AAAAAAAAAAICAAAA |    30.0000000000000000 | 117.9400000000000000 |  1828.4500000000000000 |    89.6300000000000000
 AAAAAAAAAAIDAAAA |    71.0000000000000000 |  11.4300000000000000 | 0.00000000000000000000 |     8.6800000000000000
 AAAAAAAAAAJBAAAA |    38.0000000000000000 |   4.6000000000000000 | 0.00000000000000000000 |     3.4000000000000000
 AAAAAAAAAAJCAAAA |    43.0000000000000000 |  27.7200000000000000 |    40.6700000000000000 | 1.10000000000000000000
 AAAAAAAAAAKDAAAA | 1.00000000000000000000 |  34.6400000000000000 | 0.00000000000000000000 | 1.03000000000000000000
 AAAAAAAAAALAAAAA |    60.0000000000000000 |  33.2000000000000000 | 0.00000000000000000000 |     5.6400000000000000
 AAAAAAAAAALDAAAA |    70.0000000000000000 |  73.5300000000000000 | 0.00000000000000000000 |    33.7850000000000000
 AAAAAAAAAAMBAAAA |    88.0000000000000000 | 109.4600000000000000 | 0.00000000000000000000 |    85.3700000000000000
 AAAAAAAAAANAAAAA |    67.0000000000000000 |  28.8600000000000000 | 0.00000000000000000000 |     8.9400000000000000
 AAAAAAAAAANBAAAA |    41.0000000000000000 |  59.5700000000000000 | 0.00000000000000000000 |    10.1200000000000000
 AAAAAAAAAANDAAAA |    84.0000000000000000 |  83.3000000000000000 | 0.00000000000000000000 |    64.9700000000000000
 AAAAAAAAAAOAAAAA |    74.5000000000000000 |  70.0950000000000000 | 0.00000000000000000000 |     9.8250000000000000
 AAAAAAAAAAOCAAAA |    49.0000000000000000 | 117.1050000000000000 |  3524.5200000000000000 |    93.3250000000000000
 AAAAAAAAAAODAAAA |    54.0000000000000000 | 128.2200000000000000 |  5450.4200000000000000 |   123.0900000000000000
 AAAAAAAAAAPBAAAA |    30.0000000000000000 |  33.3700000000000000 | 0.00000000000000000000 |    14.7600000000000000
 AAAAAAAAABAAAAAA |    88.0000000000000000 | 126.1100000000000000 | 0.00000000000000000000 |    47.9200000000000000
 AAAAAAAAABADAAAA |    75.5000000000000000 |  22.0600000000000000 |    22.5850000000000000 |     8.6000000000000000
 AAAAAAAAABBCAAAA |    86.0000000000000000 | 105.9800000000000000 | 0.00000000000000000000 |    69.9400000000000000
 AAAAAAAAABBDAAAA |    49.5000000000000000 |  43.9750000000000000 | 0.00000000000000000000 |    13.5700000000000000
 AAAAAAAAABCBAAAA |    37.6666666666666667 |  77.3400000000000000 |    32.7333333333333333 |    46.0866666666666667
 AAAAAAAAABCCAAAA |    72.5000000000000000 | 118.8150000000000000 | 0.00000000000000000000 |    99.2100000000000000
 AAAAAAAAABDBAAAA |    91.0000000000000000 |  36.5400000000000000 | 0.00000000000000000000 |    15.7100000000000000
 AAAAAAAAABDEAAAA |    89.0000000000000000 |  38.0500000000000000 | 0.00000000000000000000 | 1.14000000000000000000
 AAAAAAAAABECAAAA |    43.5000000000000000 |  64.0400000000000000 |     6.1700000000000000 |    38.4800000000000000
 AAAAAAAAABEDAAAA |    64.0000000000000000 | 173.3500000000000000 |    72.0500000000000000 |     8.6600000000000000
 AAAAAAAAABFBAAAA |    50.6666666666666667 |  76.0733333333333333 |   620.8433333333333333 |    64.6400000000000000
 AAAAAAAAABGBAAAA |    46.0000000000000000 | 130.0900000000000000 | 0.00000000000000000000 |   110.5700000000000000
 AAAAAAAAABGDAAAA |    28.0000000000000000 |  17.8550000000000000 |   328.9700000000000000 |     7.4800000000000000
 AAAAAAAAABHCAAAA |    86.0000000000000000 |  48.7500000000000000 | 0.00000000000000000000 |    47.7700000000000000
 AAAAAAAAABICAAAA |    88.0000000000000000 |  23.3100000000000000 |   103.7600000000000000 |    10.7200000000000000
 AAAAAAAAABJAAAAA |    32.5000000000000000 |  59.7050000000000000 | 0.00000000000000000000 |    49.1300000000000000
 AAAAAAAAABJBAAAA |    92.0000000000000000 |  78.9050000000000000 |    51.0500000000000000 |    12.8000000000000000
 AAAAAAAAABMBAAAA |    13.0000000000000000 |  10.7500000000000000 | 0.00000000000000000000 |     3.2200000000000000
 AAAAAAAAABNCAAAA |    34.0000000000000000 |   8.0400000000000000 | 0.00000000000000000000 |     6.1100000000000000
 AAAAAAAAABNDAAAA |     8.0000000000000000 |  17.9500000000000000 | 0.00000000000000000000 | 0.35000000000000000000
 AAAAAAAAABOBAAAA |    45.3333333333333333 | 147.7200000000000000 | 0.00000000000000000000 |    59.5766666666666667
 AAAAAAAAABOCAAAA |    13.0000000000000000 |  28.5200000000000000 | 0.00000000000000000000 |    16.8200000000000000
 AAAAAAAAABPAAAAA |    62.0000000000000000 |  92.0200000000000000 | 0.00000000000000000000 |    42.3200000000000000
 AAAAAAAAABPBAAAA |    47.5000000000000000 |  45.3000000000000000 |    45.6600000000000000 |    35.7400000000000000
 AAAAAAAAACAAAAAA |    78.0000000000000000 |  37.1400000000000000 | 0.00000000000000000000 |     8.1700000000000000
 AAAAAAAAACACAAAA |    55.0000000000000000 | 110.0750000000000000 |   481.7450000000000000 |    61.3100000000000000
 AAAAAAAAACADAAAA |    55.0000000000000000 | 179.6300000000000000 | 0.00000000000000000000 |   104.1800000000000000
 AAAAAAAAACBCAAAA |    32.3333333333333333 | 107.8500000000000000 |    94.4600000000000000 |    33.0733333333333333
 AAAAAAAAACCBAAAA |    30.0000000000000000 |  21.3300000000000000 |   260.2000000000000000 |    10.4500000000000000
 AAAAAAAAACDAAAAA |    44.5000000000000000 |  11.0700000000000000 |    89.0750000000000000 |    10.0950000000000000
 AAAAAAAAACDDAAAA |    88.0000000000000000 |  39.4300000000000000 |    34.2550000000000000 |    28.3550000000000000
 AAAAAAAAACFDAAAA |    86.0000000000000000 |  61.8000000000000000 |  1469.4800000000000000 |    48.8200000000000000
 AAAAAAAAACFEAAAA |    36.0000000000000000 | 118.6800000000000000 | 0.00000000000000000000 |    34.4100000000000000
 AAAAAAAAACGCAAAA |    51.0000000000000000 |  31.4800000000000000 | 0.00000000000000000000 |     8.0000000000000000
 AAAAAAAAACGDAAAA |    76.0000000000000000 | 129.0550000000000000 | 0.00000000000000000000 |   106.5800000000000000
 AAAAAAAAACIBAAAA |    55.0000000000000000 |  17.4500000000000000 | 0.00000000000000000000 |    10.2900000000000000
 AAAAAAAAACIDAAAA |    10.0000000000000000 |  57.9000000000000000 | 0.00000000000000000000 |    42.2600000000000000
 AAAAAAAAACJAAAAA |    60.0000000000000000 | 110.5300000000000000 | 0.00000000000000000000 |    59.6800000000000000
 AAAAAAAAACJCAAAA |    18.0000000000000000 |  97.7500000000000000 | 0.00000000000000000000 |    76.2400000000000000
 AAAAAAAAACJDAAAA |     8.0000000000000000 |  70.9000000000000000 | 0.00000000000000000000 |    34.7400000000000000
 AAAAAAAAACKBAAAA |    45.0000000000000000 | 123.8000000000000000 | 0.00000000000000000000 |   113.8900000000000000
 AAAAAAAAACLDAAAA |    11.5000000000000000 | 172.8850000000000000 |    63.4800000000000000 |   114.1700000000000000
 AAAAAAAAACMAAAAA |   100.0000000000000000 | 144.4400000000000000 | 0.00000000000000000000 |   127.1000000000000000
 AAAAAAAAACOAAAAA |    69.0000000000000000 | 125.8400000000000000 | 0.00000000000000000000 |    15.1000000000000000
 AAAAAAAAACODAAAA |    46.0000000000000000 |  32.6000000000000000 | 0.00000000000000000000 |    26.0800000000000000
 AAAAAAAAACPAAAAA |    42.0000000000000000 |  67.5300000000000000 | 0.00000000000000000000 |    29.0300000000000000
 AAAAAAAAACPCAAAA |    20.0000000000000000 |  51.0400000000000000 | 0.00000000000000000000 |    47.9700000000000000
 AAAAAAAAADABAAAA |    37.0000000000000000 |  91.7250000000000000 |    20.6800000000000000 |    10.3650000000000000
 AAAAAAAAADAEAAAA |    25.5000000000000000 | 108.8100000000000000 |   173.0150000000000000 |    81.1900000000000000
 AAAAAAAAADBAAAAA |    34.5000000000000000 |  86.6000000000000000 | 0.00000000000000000000 |     5.1250000000000000
 AAAAAAAAADBEAAAA |    51.0000000000000000 | 114.6600000000000000 | 0.00000000000000000000 |    59.6200000000000000
 AAAAAAAAADCAAAAA |    10.0000000000000000 |  80.2800000000000000 | 0.00000000000000000000 |    79.4700000000000000
 AAAAAAAAADCDAAAA |    58.0000000000000000 |  59.0400000000000000 |   237.6000000000000000 |    24.6500000000000000
 AAAAAAAAADDCAAAA |    37.5000000000000000 | 100.4850000000000000 |   727.3600000000000000 |    47.8750000000000000
 AAAAAAAAADDEAAAA |    33.0000000000000000 | 114.7200000000000000 | 0.00000000000000000000 |    89.4800000000000000
 AAAAAAAAADEBAAAA |    11.0000000000000000 |  99.9800000000000000 | 0.00000000000000000000 |    19.9900000000000000
 AAAAAAAAADFCAAAA |    41.0000000000000000 |  53.5200000000000000 | 0.00000000000000000000 |    14.4500000000000000
 AAAAAAAAADGBAAAA |    54.0000000000000000 |  33.4800000000000000 | 0.00000000000000000000 |     5.3500000000000000
 AAAAAAAAADGCAAAA |    16.0000000000000000 |  66.9800000000000000 | 0.00000000000000000000 |    31.7700000000000000
 AAAAAAAAADHAAAAA |    15.0000000000000000 | 162.1000000000000000 | 0.00000000000000000000 |    32.4200000000000000
 AAAAAAAAADICAAAA |    72.3333333333333333 |  88.6866666666666667 |   668.3733333333333333 |    75.1200000000000000
 AAAAAAAAADIDAAAA |     2.0000000000000000 | 161.4000000000000000 |   160.7500000000000000 |   133.9600000000000000
 AAAAAAAAADJBAAAA |    88.3333333333333333 | 106.0233333333333333 | 0.00000000000000000000 |    42.0833333333333333
 AAAAAAAAADKAAAAA |    24.5000000000000000 |  93.4400000000000000 |   113.4150000000000000 |    28.1200000000000000
 AAAAAAAAADLCAAAA |    77.0000000000000000 |  52.9050000000000000 | 0.00000000000000000000 |    26.7850000000000000
 AAAAAAAAADLDAAAA |    80.0000000000000000 |  44.1800000000000000 |  1647.5700000000000000 |    32.6900000000000000
 AAAAAAAAADMBAAAA |    73.0000000000000000 |  94.5000000000000000 | 0.00000000000000000000 |    71.8200000000000000
(100 rows)

