                                                                             QUERY PLAN                                                                              
---------------------------------------------------------------------------------------------------------------------------------------------------------------------
 Aggregate  (cost=150739.59..150739.60 rows=1 width=8)
   ->  Subquery Scan on cool_cust  (cost=71876.41..150709.25 rows=12136 width=0)
         ->  HashSetOp Except  (cost=71876.41..150587.89 rows=12136 width=216)
               ->  Append  (cost=71876.41..150471.93 rows=15462 width=216)
                     ->  Result  (cost=71876.41..123820.23 rows=12136 width=216)
                           ->  HashSetOp Except  (cost=71876.41..123698.87 rows=12136 width=216)
                                 ->  Append  (cost=71876.41..123558.34 rows=18738 width=216)
                                       ->  Subquery Scan on "*SELECT* 1"  (cost=71876.41..73502.23 rows=12136 width=60)
                                             ->  Unique  (cost=71876.41..73380.87 rows=12136 width=56)
                                                   ->  Gather Merge  (cost=71876.41..73289.85 rows=12136 width=56)
                                                         Workers Planned: 2
                                                         ->  Sort  (cost=70876.39..70889.03 rows=5057 width=56)
                                                               Sort Key: customer.c_last_name, customer.c_first_name, date_dim.d_date
                                                               ->  Nested Loop  (cost=2052.33..70565.28 rows=5057 width=56)
                                                                     ->  Parallel Hash Join  (cost=2052.04..68901.45 rows=5295 width=8)
                                                                           Hash Cond: (store_sales.ss_sold_date_sk = date_dim.d_date_sk)
                                                                           ->  Parallel Seq Scan on store_sales  (cost=0.00..63698.56 rows=1200256 width=8)
                                                                           ->  Parallel Hash  (cost=2049.55..2049.55 rows=199 width=8)
                                                                                 ->  Parallel Seq Scan on date_dim  (cost=0.00..2049.55 rows=199 width=8)
                                                                                       Filter: ((d_month_seq >= 1202) AND (d_month_seq <= 1213))
                                                                     ->  Index Scan using customer_pkey on customer  (cost=0.29..0.31 rows=1 width=56)
                                                                           Index Cond: (c_customer_sk = store_sales.ss_customer_sk)
                                       ->  Subquery Scan on "*SELECT* 2"  (cost=49077.97..49962.42 rows=6602 width=60)
                                             ->  Unique  (cost=49077.97..49896.40 rows=6602 width=56)
                                                   ->  Gather Merge  (cost=49077.97..49846.88 rows=6602 width=56)
                                                         Workers Planned: 2
                                                         ->  Sort  (cost=48077.95..48084.82 rows=2751 width=56)
                                                               Sort Key: customer_1.c_last_name, customer_1.c_first_name, date_dim_1.d_date
                                                               ->  Nested Loop  (cost=2052.33..47920.79 rows=2751 width=56)
                                                                     ->  Parallel Hash Join  (cost=2052.04..47040.28 rows=2765 width=8)
                                                                           Hash Cond: (catalog_sales.cs_sold_date_sk = date_dim_1.d_date_sk)
                                                                           ->  Parallel Seq Scan on catalog_sales  (cost=0.00..43411.46 rows=600646 width=8)
                                                                           ->  Parallel Hash  (cost=2049.55..2049.55 rows=199 width=8)
                                                                                 ->  Parallel Seq Scan on date_dim date_dim_1  (cost=0.00..2049.55 rows=199 width=8)
                                                                                       Filter: ((d_month_seq >= 1202) AND (d_month_seq <= 1213))
                                                                     ->  Index Scan using customer_pkey on customer customer_1  (cost=0.29..0.32 rows=1 width=56)
                                                                           Index Cond: (c_customer_sk = catalog_sales.cs_bill_customer_sk)
                     ->  Subquery Scan on "*SELECT* 3"  (cost=26128.81..26574.38 rows=3326 width=60)
                           ->  Unique  (cost=26128.81..26541.12 rows=3326 width=56)
                                 ->  Gather Merge  (cost=26128.81..26516.18 rows=3326 width=56)
                                       Workers Planned: 2
                                       ->  Sort  (cost=25128.79..25132.25 rows=1386 width=56)
                                             Sort Key: customer_2.c_last_name, customer_2.c_first_name, date_dim_2.d_date
                                             ->  Nested Loop  (cost=2052.33..25056.46 rows=1386 width=56)
                                                   ->  Parallel Hash Join  (cost=2052.04..24603.34 rows=1386 width=8)
                                                         Hash Cond: (web_sales.ws_sold_date_sk = date_dim_2.d_date_sk)
                                                         ->  Parallel Seq Scan on web_sales  (cost=0.00..21764.43 rows=299743 width=8)
                                                         ->  Parallel Hash  (cost=2049.55..2049.55 rows=199 width=8)
                                                               ->  Parallel Seq Scan on date_dim date_dim_2  (cost=0.00..2049.55 rows=199 width=8)
                                                                     Filter: ((d_month_seq >= 1202) AND (d_month_seq <= 1213))
                                                   ->  Index Scan using customer_pkey on customer customer_2  (cost=0.29..0.33 rows=1 width=56)
                                                         Index Cond: (c_customer_sk = web_sales.ws_bill_customer_sk)
 JIT:
   Functions: 72
   Options: Inlining false, Optimization false, Expressions true, Deforming true
(55 rows)

 count 
-------
 47049
(1 row)

