                                                                                                                                                                                QUERY PLAN                                                                                                                                                                                
--------------------------------------------------------------------------------------------------------------------------------------------------------------------------------------------------------------------------------------------------------------------------------------------------------------------------------------------------------------------------
 Limit  (cost=234495.01..369110076.91 rows=11 width=100)
   ->  GroupAggregate  (cost=234495.01..369110076.91 rows=11 width=100)
         Group Key: customer_demographics.cd_gender, customer_demographics.cd_marital_status, customer_demographics.cd_education_status, customer_demographics.cd_purchase_estimate, customer_demographics.cd_credit_rating, customer_demographics.cd_dep_count, customer_demographics.cd_dep_employed_count, customer_demographics.cd_dep_college_count
         ->  Nested Loop  (cost=234495.01..369110076.55 rows=11 width=52)
               Join Filter: (c.c_current_cdemo_sk = customer_demographics.cd_demo_sk)
               ->  Gather Merge  (cost=164016.97..387725.78 rows=1920800 width=56)
                     Workers Planned: 2
                     ->  Sort  (cost=163016.95..165017.78 rows=800333 width=56)
                           Sort Key: customer_demographics.cd_gender, customer_demographics.cd_marital_status, customer_demographics.cd_education_status, customer_demographics.cd_purchase_estimate, customer_demographics.cd_credit_rating, customer_demographics.cd_dep_count, customer_demographics.cd_dep_employed_count, customer_demographics.cd_dep_college_count
                           ->  Parallel Seq Scan on customer_demographics  (cost=0.00..29831.33 rows=800333 width=56)
               ->  Materialize  (cost=70478.04..368405418.79 rows=11 width=4)
                     ->  Nested Loop  (cost=70478.04..368405418.74 rows=11 width=4)
                           ->  Nested Loop  (cost=70477.75..368404173.27 rows=3285 width=8)
                                 ->  HashAggregate  (cost=70477.46..70523.32 rows=4587 width=4)
                                       Group Key: store_sales.ss_customer_sk
                                       ->  Gather  (cost=3157.88..70465.99 rows=4587 width=4)
                                             Workers Planned: 2
                                             ->  Parallel Hash Join  (cost=2157.88..69007.29 rows=1911 width=4)
                                                   Hash Cond: (store_sales.ss_sold_date_sk = date_dim.d_date_sk)
                                                   ->  Parallel Seq Scan on store_sales  (cost=0.00..63698.56 rows=1200256 width=8)
                                                   ->  Parallel Hash  (cost=2156.97..2156.97 rows=72 width=4)
                                                         ->  Parallel Seq Scan on date_dim  (cost=0.00..2156.97 rows=72 width=4)
                                                               Filter: ((d_moy >= 3) AND (d_moy <= 6) AND (d_year = 2001))
                                 ->  Index Scan using customer_pkey on customer c  (cost=0.29..83538.09 rows=1 width=12)
                                       Index Cond: (c_customer_sk = store_sales.ss_customer_sk)
                                       Filter: ((hashed SubPlan 2) OR (hashed SubPlan 4))
                                       SubPlan 2
                                         ->  Gather  (cost=3157.88..25829.28 rows=1201 width=4)
                                               Workers Planned: 2
                                               ->  Parallel Hash Join  (cost=2157.88..24709.18 rows=500 width=4)
                                                     Hash Cond: (web_sales.ws_sold_date_sk = date_dim_1.d_date_sk)
                                                     ->  Parallel Seq Scan on web_sales  (cost=0.00..21764.43 rows=299743 width=8)
                                                     ->  Parallel Hash  (cost=2156.97..2156.97 rows=72 width=4)
                                                           ->  Parallel Seq Scan on date_dim date_dim_1  (cost=0.00..2156.97 rows=72 width=4)
                                                                 Filter: ((d_moy >= 3) AND (d_moy <= 6) AND (d_year = 2001))
                                       SubPlan 4
                                         ->  Gather  (cost=3157.88..48385.62 rows=2395 width=4)
                                               Workers Planned: 2
                                               ->  Parallel Hash Join  (cost=2157.88..47146.12 rows=998 width=4)
                                                     Hash Cond: (catalog_sales.cs_sold_date_sk = date_dim_2.d_date_sk)
                                                     ->  Parallel Seq Scan on catalog_sales  (cost=0.00..43411.46 rows=600646 width=8)
                                                     ->  Parallel Hash  (cost=2156.97..2156.97 rows=72 width=4)
                                                           ->  Parallel Seq Scan on date_dim date_dim_2  (cost=0.00..2156.97 rows=72 width=4)
                                                                 Filter: ((d_moy >= 3) AND (d_moy <= 6) AND (d_year = 2001))
                           ->  Index Scan using customer_address_pkey on customer_address ca  (cost=0.29..0.38 rows=1 width=4)
                                 Index Cond: (ca_address_sk = c.c_current_addr_sk)
                                 Filter: ((ca_county)::text = ANY ('{"Fairfield County","Campbell County","Washtenaw County","Escambia County","Cleburne County"}'::text[]))
 JIT:
   Functions: 72
   Options: Inlining true, Optimization true, Expressions true, Deforming true
(50 rows)

 cd_gender | cd_marital_status | cd_education_status  | cnt1 | cd_purchase_estimate | cnt2 | cd_credit_rating | cnt3 | cd_dep_count | cnt4 | cd_dep_employed_count | cnt5 | cd_dep_college_count | cnt6 
-----------+-------------------+----------------------+------+----------------------+------+------------------+------+--------------+------+-----------------------+------+----------------------+------
 M         | M                 | 4 yr Degree          |    1 |                 8000 |    1 | High Risk        |    1 |            6 |    1 |                     5 |    1 |                    3 |    1
(1 row)

