                                                                 QUERY PLAN                                                                 
--------------------------------------------------------------------------------------------------------------------------------------------
 Limit  (cost=1927.00..1927.02 rows=1 width=52)
   ->  GroupAggregate  (cost=1927.00..1927.02 rows=1 width=52)
         Group Key: customer_address.ca_zip, customer_address.ca_city
         ->  Sort  (cost=1927.00..1927.00 rows=1 width=26)
               Sort Key: customer_address.ca_zip, customer_address.ca_city
               ->  Nested Loop  (cost=5.95..1926.99 rows=1 width=26)
                     ->  Nested Loop  (cost=5.64..1926.60 rows=1 width=10)
                           ->  Nested Loop  (cost=5.35..1926.27 rows=1 width=10)
                                 ->  Nested Loop  (cost=5.05..1796.69 rows=400 width=14)
                                       ->  Index Only Scan using item_pkey on item  (cost=0.29..43.05 rows=10 width=4)
                                             Index Cond: (i_item_sk = ANY ('{2,3,5,7,11,13,17,19,23,29}'::integer[]))
                                       ->  Bitmap Heap Scan on web_sales  (cost=4.77..174.92 rows=44 width=18)
                                             Recheck Cond: (ws_item_sk = item.i_item_sk)
                                             ->  Bitmap Index Scan on web_sales_pkey  (cost=0.00..4.75 rows=44 width=0)
                                                   Index Cond: (ws_item_sk = item.i_item_sk)
                                 ->  Index Scan using date_dim_pkey on date_dim  (cost=0.29..0.32 rows=1 width=4)
                                       Index Cond: (d_date_sk = web_sales.ws_sold_date_sk)
                                       Filter: ((d_qoy = 1) AND (d_year = 2000))
                           ->  Index Scan using customer_pkey on customer  (cost=0.29..0.33 rows=1 width=8)
                                 Index Cond: (c_customer_sk = web_sales.ws_bill_customer_sk)
                     ->  Index Scan using customer_address_pkey on customer_address  (cost=0.31..0.39 rows=1 width=24)
                           Index Cond: (ca_address_sk = customer.c_current_addr_sk)
                           Filter: (substr((ca_zip)::text, 1, 5) = ANY ('{85669,86197,88274,83405,86475,85392,85460,80348,81792}'::text[]))
(23 rows)

 ca_zip | ca_city | sum 
--------+---------+-----
(0 rows)

