                                                       QUERY PLAN                                                        
-------------------------------------------------------------------------------------------------------------------------
 Limit  (cost=70244.57..70244.58 rows=1 width=8)
   ->  Finalize Aggregate  (cost=70244.57..70244.58 rows=1 width=8)
         ->  Gather  (cost=70244.35..70244.56 rows=2 width=8)
               Workers Planned: 2
               ->  Partial Aggregate  (cost=69244.35..69244.36 rows=1 width=8)
                     ->  Hash Join  (cost=2325.44..69243.91 rows=177 width=0)
                           Hash Cond: (store_sales.ss_store_sk = store.s_store_sk)
                           ->  Hash Join  (cost=2324.28..69234.93 rows=2226 width=4)
                                 Hash Cond: (store_sales.ss_hdemo_sk = household_demographics.hd_demo_sk)
                                 ->  Parallel Hash Join  (cost=2172.28..69021.66 rows=23331 width=8)
                                       Hash Cond: (store_sales.ss_sold_time_sk = time_dim.t_time_sk)
                                       ->  Parallel Seq Scan on store_sales  (cost=0.00..63698.56 rows=1200256 width=12)
                                       ->  Parallel Hash  (cost=2159.35..2159.35 rows=1034 width=4)
                                             ->  Parallel Seq Scan on time_dim  (cost=0.00..2159.35 rows=1034 width=4)
                                                   Filter: ((t_minute >= 30) AND (t_hour = 8))
                                 ->  Hash  (cost=143.00..143.00 rows=720 width=4)
                                       ->  Seq Scan on household_demographics  (cost=0.00..143.00 rows=720 width=4)
                                             Filter: (hd_dep_count = 0)
                           ->  Hash  (cost=1.15..1.15 rows=1 width=4)
                                 ->  Seq Scan on store  (cost=0.00..1.15 rows=1 width=4)
                                       Filter: ((s_store_name)::text = 'ese'::text)
(21 rows)

 count 
-------
   798
(1 row)

