                                              QUERY PLAN                                              
------------------------------------------------------------------------------------------------------
 Finalize GroupAggregate  (cost=231460.14..231462.09 rows=6 width=236)
   Group Key: l_returnflag, l_linestatus
   ->  Gather Merge  (cost=231460.14..231461.54 rows=12 width=236)
         Workers Planned: 2
         ->  Sort  (cost=230460.11..230460.13 rows=6 width=236)
               Sort Key: l_returnflag, l_linestatus
               ->  Partial HashAggregate  (cost=230459.90..230460.04 rows=6 width=236)
                     Group Key: l_returnflag, l_linestatus
                     ->  Parallel Seq Scan on lineitem  (cost=0.00..143759.12 rows=2477165 width=25)
                           Filter: (l_shipdate <= '1998-09-22 00:00:00'::timestamp without time zone)
 JIT:
   Functions: 9
   Options: Inlining false, Optimization false, Expressions true, Deforming true
(13 rows)

 l_returnflag | l_linestatus |   sum_qty   | sum_base_price  |  sum_disc_price   |     sum_charge      |       avg_qty       |     avg_price      |        avg_disc        | count_order 
--------------+--------------+-------------+-----------------+-------------------+---------------------+---------------------+--------------------+------------------------+-------------
 A            | F            | 37734107.00 |  56586554400.73 |  53758257134.8700 |  55909065222.827692 | 25.5220058532573370 | 38273.129734621672 | 0.04998529583839761162 |     1478493
 N            | F            |   991417.00 |   1487504710.38 |   1413082168.0541 |   1469649223.194375 | 25.5164719205229835 | 38284.467760848304 | 0.05009342667421629691 |       38854
 N            | O            | 75322370.00 | 112967717852.34 | 107320904054.0827 | 111617623597.149433 | 25.5010656144253215 | 38246.236612900113 | 0.04999619459693705681 |     2953695
 R            | F            | 37719753.00 |  56568041380.90 |  53741292684.6040 |  55889619119.831932 | 25.5057936126907707 | 38250.854626099657 | 0.05000940583012705647 |     1478870
(4 rows)

