                                                                                                                                                                                                                              QUERY PLAN                                                                                                                                                                                                                               
-----------------------------------------------------------------------------------------------------------------------------------------------------------------------------------------------------------------------------------------------------------------------------------------------------------------------------------------------------------------------------------------------------------------------------------------------------------------------
 Finalize Aggregate  (cost=32173.78..32173.79 rows=1 width=32)
   ->  Gather  (cost=32173.55..32173.76 rows=2 width=32)
         Workers Planned: 2
         ->  Partial Aggregate  (cost=31173.55..31173.56 rows=1 width=32)
               ->  Nested Loop  (cost=0.43..31172.70 rows=114 width=12)
                     ->  Parallel Seq Scan on part  (cost=0.00..7638.67 rows=199 width=4)
                           Filter: ((p_size >= 1) AND (((p_brand = 'Brand#53'::bpchar) AND (p_container = ANY ('{"SM CASE","SM BOX","SM PACK","SM PKG"}'::bpchar[])) AND (p_size <= 5)) OR ((p_brand = 'Brand#32'::bpchar) AND (p_container = ANY ('{"MED BAG","MED BOX","MED PKG","MED PACK"}'::bpchar[])) AND (p_size <= 10)) OR ((p_brand = 'Brand#41'::bpchar) AND (p_container = ANY ('{"LG CASE","LG BOX","LG PACK","LG PKG"}'::bpchar[])) AND (p_size <= 15))))
                     ->  Index Scan using idx_lineitem_part_supp on lineitem  (cost=0.43..118.25 rows=1 width=16)
                           Index Cond: (l_partkey = part.p_partkey)
                           Filter: ((l_shipmode = ANY ('{AIR,"AIR REG"}'::bpchar[])) AND (l_shipinstruct = 'DELIVER IN PERSON'::bpchar) AND (((l_quantity >= '10'::numeric) AND (l_quantity <= '20'::numeric)) OR ((l_quantity >= '13'::numeric) AND (l_quantity <= '23'::numeric)) OR ((l_quantity >= '23'::numeric) AND (l_quantity <= '33'::numeric))))
(10 rows)

   revenue    
--------------
 9038083.6348
(1 row)

