                                                                                                    QUERY PLAN                                                                                                    
------------------------------------------------------------------------------------------------------------------------------------------------------------------------------------------------------------------
 Limit  (cost=171214.65..260077250.88 rows=11 width=100)
   ->  GroupAggregate  (cost=171214.65..260077250.88 rows=11 width=100)
         Group Key: cd.cd_gender, cd.cd_marital_status, cd.cd_education_status, cd.cd_purchase_estimate, cd.cd_credit_rating, cd.cd_dep_count, cd.cd_dep_employed_count, cd.cd_dep_college_count
         ->  Nested Loop  (cost=171214.65..260077250.52 rows=11 width=52)
               Join Filter: (c.c_current_cdemo_sk = cd.cd_demo_sk)
               ->  Gather Merge  (cost=164016.97..387725.78 rows=1920800 width=56)
                     Workers Planned: 2
                     ->  Sort  (cost=163016.95..165017.78 rows=800333 width=56)
                           Sort Key: cd.cd_gender, cd.cd_marital_status, cd.cd_education_status, cd.cd_purchase_estimate, cd.cd_credit_rating, cd.cd_dep_count, cd.cd_dep_employed_count, cd.cd_dep_college_count
                           ->  Parallel Seq Scan on customer_demographics cd  (cost=0.00..29831.33 rows=800333 width=56)
               ->  Materialize  (cost=7197.68..259372592.76 rows=11 width=4)
                     ->  Nested Loop  (cost=7197.68..259372592.71 rows=11 width=4)
                           ->  Nested Loop  (cost=7197.39..259371347.24 rows=3285 width=8)
                                 ->  HashAggregate  (cost=7197.10..7242.97 rows=4587 width=4)
                                       Group Key: ss.ss_customer_sk
                                       ->  Gather  (cost=1000.43..7185.63 rows=4587 width=4)
                                             Workers Planned: 1
                                             ->  Nested Loop  (cost=0.43..5726.93 rows=2698 width=4)
                                                   ->  Parallel Seq Scan on date_dim d  (cost=0.00..2156.97 rows=72 width=4)
                                                         Filter: ((d_moy >= 3) AND (d_moy <= 6) AND (d_year = 2001))
                                                   ->  Index Only Scan using idx_store_sales_date_customer on store_sales ss  (cost=0.43..34.52 rows=1506 width=8)
                                                         Index Cond: (ss_sold_date_sk = d.d_date_sk)
                                 ->  Index Scan using customer_pkey on customer c  (cost=0.29..58823.79 rows=1 width=12)
                                       Index Cond: (c_customer_sk = ss.ss_customer_sk)
                                       Filter: ((hashed SubPlan 2) OR (hashed SubPlan 4))
                                       SubPlan 2
                                         ->  Gather  (cost=1000.42..4358.89 rows=1201 width=4)
                                               Workers Planned: 1
                                               ->  Nested Loop  (cost=0.42..3238.79 rows=706 width=4)
                                                     ->  Parallel Seq Scan on date_dim d_1  (cost=0.00..2156.97 rows=72 width=4)
                                                           Filter: ((d_moy >= 3) AND (d_moy <= 6) AND (d_year = 2001))
                                                     ->  Index Only Scan using idx_web_sales_date_customer on web_sales ws  (cost=0.42..11.08 rows=395 width=8)
                                                           Index Cond: (ws_sold_date_sk = d_1.d_date_sk)
                                       SubPlan 4
                                         ->  Gather  (cost=1000.43..47180.76 rows=2395 width=4)
                                               Workers Planned: 1
                                               ->  Nested Loop  (cost=0.43..45941.26 rows=1409 width=4)
                                                     ->  Parallel Seq Scan on date_dim d_2  (cost=0.00..2156.97 rows=72 width=4)
                                                           Filter: ((d_moy >= 3) AND (d_moy <= 6) AND (d_year = 2001))
                                                     ->  Index Scan using idx_catalog_sales_date_customer on catalog_sales cs  (cost=0.43..600.28 rows=784 width=8)
                                                           Index Cond: (cs_sold_date_sk = d_2.d_date_sk)
                           ->  Index Scan using customer_address_pkey on customer_address ca  (cost=0.29..0.38 rows=1 width=4)
                                 Index Cond: (ca_address_sk = c.c_current_addr_sk)
                                 Filter: ((ca_county)::text = ANY ('{"Fairfield County","Campbell County","Washtenaw County","Escambia County","Cleburne County"}'::text[]))
 JIT:
   Functions: 50
   Options: Inlining true, Optimization true, Expressions true, Deforming true
(47 rows)

 cd_gender | cd_marital_status | cd_education_status  | cnt1 | cd_purchase_estimate | cnt2 | cd_credit_rating | cnt3 | cd_dep_count | cnt4 | cd_dep_employed_count | cnt5 | cd_dep_college_count | cnt6 
-----------+-------------------+----------------------+------+----------------------+------+------------------+------+--------------+------+-----------------------+------+----------------------+------
 M         | M                 | 4 yr Degree          |    1 |                 8000 |    1 | High Risk        |    1 |            6 |    1 |                     5 |    1 |                    3 |    1
(1 row)

