                                                                                                                                                                                                                                                                                                                                                                                                                                                                                                                                                                                                                                                                                                                                                                 QUERY PLAN                                                                                                                                                                                                                                                                                                                                                                                                                                                                                                                                                                                                                                                                                                                                                                  
---------------------------------------------------------------------------------------------------------------------------------------------------------------------------------------------------------------------------------------------------------------------------------------------------------------------------------------------------------------------------------------------------------------------------------------------------------------------------------------------------------------------------------------------------------------------------------------------------------------------------------------------------------------------------------------------------------------------------------------------------------------------------------------------------------------------------------------------------------------------------------------------------------------------------------------------------------------------------------------------------------------------------------------------------------------------------------------------------------------------------------------------------------------------------------------------------------------------------------------------------------------------------------------------------------------------------------------------------------------------------------------------------------------------------------------------------------------------------------------------------------------------------------------------
 Limit  (cost=4395.43..4395.45 rows=4 width=51)
   ->  Unique  (cost=4395.43..4395.45 rows=4 width=51)
         ->  Sort  (cost=4395.43..4395.44 rows=4 width=51)
               Sort Key: i1.i_product_name
               ->  Nested Loop  (cost=0.00..4395.39 rows=4 width=51)
                     Join Filter: (i1.i_manufact = i2.i_manufact)
                     ->  Seq Scan on item i1  (cost=0.00..1500.00 rows=252 width=102)
                           Filter: ((i_manufact_id >= 704) AND (i_manufact_id <= 744))
                     ->  Materialize  (cost=0.00..2850.06 rows=12 width=51)
                           ->  Seq Scan on item i2  (cost=0.00..2850.00 rows=12 width=51)
                                 Filter: (((i_category = 'Women'::bpchar) AND (i_color = ANY ('{forest,lime}'::bpchar[])) AND (i_units = ANY ('{Pallet,Pound}'::bpchar[])) AND (i_size = ANY ('{economy,small}'::bpchar[]))) OR ((i_category = 'Women'::bpchar) AND (i_color = ANY ('{navy,slate}'::bpchar[])) AND (i_units = ANY ('{Gross,Bunch}'::bpchar[])) AND (i_size = ANY ('{"extra large",petite}'::bpchar[]))) OR ((i_category = 'Men'::bpchar) AND (i_color = ANY ('{powder,sky}'::bpchar[])) AND (i_units = ANY ('{Dozen,Lb}'::bpchar[])) AND (i_size = ANY ('{N/A,large}'::bpchar[]))) OR ((i_category = 'Men'::bpchar) AND (i_color = ANY ('{maroon,smoke}'::bpchar[])) AND (i_units = ANY ('{Ounce,Case}'::bpchar[])) AND (i_size = ANY ('{economy,small}'::bpchar[]))) OR ((i_category = 'Women'::bpchar) AND (i_color = ANY ('{dark,aquamarine}'::bpchar[])) AND (i_units = ANY ('{Ton,Tbl}'::bpchar[])) AND (i_size = ANY ('{economy,small}'::bpchar[]))) OR ((i_category = 'Women'::bpchar) AND (i_color = ANY ('{frosted,plum}'::bpchar[])) AND (i_units = ANY ('{Dram,Box}'::bpchar[])) AND (i_size = ANY ('{"extra large",petite}'::bpchar[]))) OR ((i_category = 'Men'::bpchar) AND (i_color = ANY ('{papaya,peach}'::bpchar[])) AND (i_units = ANY ('{Bundle,Carton}'::bpchar[])) AND (i_size = ANY ('{N/A,large}'::bpchar[]))) OR ((i_category = 'Men'::bpchar) AND (i_color = ANY ('{firebrick,sienna}'::bpchar[])) AND (i_units = ANY ('{Cup,Each}'::bpchar[])) AND (i_size = ANY ('{economy,small}'::bpchar[]))))
(11 rows)

                   i_product_name                   
----------------------------------------------------
 ablen stn stbarought                              
(1 row)

