                                                                                               QUERY PLAN                                                                                                
---------------------------------------------------------------------------------------------------------------------------------------------------------------------------------------------------------
 Limit  (cost=26034.19..26046.82 rows=100 width=52)
   ->  Finalize GroupAggregate  (cost=26034.19..26146.13 rows=886 width=52)
         Group Key: customer_address.ca_zip, customer_address.ca_city
         ->  Gather Merge  (cost=26034.19..26127.68 rows=738 width=52)
               Workers Planned: 2
               ->  Partial GroupAggregate  (cost=25034.17..25042.47 rows=369 width=52)
                     Group Key: customer_address.ca_zip, customer_address.ca_city
                     ->  Sort  (cost=25034.17..25035.09 rows=369 width=26)
                           Sort Key: customer_address.ca_zip, customer_address.ca_city
                           ->  Hash Left Join  (cost=2098.30..25018.43 rows=369 width=26)
                                 Hash Cond: (item.i_item_id = item_sub.i_item_id)
                                 Filter: ((substr((customer_address.ca_zip)::text, 1, 5) = ANY ('{85669,86197,88274,83405,86475,85392,85460,80348,81792}'::text[])) OR (item_sub.i_item_id IS NOT NULL))
                                 ->  Nested Loop  (cost=2051.08..24968.89 rows=369 width=43)
                                       ->  Nested Loop  (cost=2050.80..24853.71 rows=369 width=30)
                                             ->  Nested Loop  (cost=2050.51..24722.15 rows=369 width=14)
                                                   ->  Parallel Hash Join  (cost=2050.21..24601.52 rows=369 width=14)
                                                         Hash Cond: (web_sales.ws_sold_date_sk = date_dim.d_date_sk)
                                                         ->  Parallel Seq Scan on web_sales  (cost=0.00..21764.43 rows=299743 width=18)
                                                         ->  Parallel Hash  (cost=2049.55..2049.55 rows=53 width=4)
                                                               ->  Parallel Seq Scan on date_dim  (cost=0.00..2049.55 rows=53 width=4)
                                                                     Filter: ((d_qoy = 1) AND (d_year = 2000))
                                                   ->  Index Scan using customer_pkey on customer  (cost=0.29..0.33 rows=1 width=8)
                                                         Index Cond: (c_customer_sk = web_sales.ws_bill_customer_sk)
                                             ->  Index Scan using customer_address_pkey on customer_address  (cost=0.29..0.36 rows=1 width=24)
                                                   Index Cond: (ca_address_sk = customer.c_current_addr_sk)
                                       ->  Index Scan using item_pkey on item  (cost=0.29..0.31 rows=1 width=21)
                                             Index Cond: (i_item_sk = web_sales.ws_item_sk)
                                 ->  Hash  (cost=47.07..47.07 rows=10 width=17)
                                       ->  Index Scan using item_pkey on item item_sub  (cost=0.29..47.07 rows=10 width=17)
                                             Index Cond: (i_item_sk = ANY ('{2,3,5,7,11,13,17,19,23,29}'::integer[]))
(30 rows)

   ca_zip   |    ca_city     |  sum  
------------+----------------+-------
 04698      | Woodlawn       | 45.37
 21289      | Lincoln        | 42.36
 27057      | Georgetown     | 28.19
 32924      | Belleville     | 35.08
 41521      | Newport        | 11.59
 48482      | Mount Vernon   | 25.35
 64136      | Pleasant Grove |  0.00
 68252      | Maple Grove    | 55.18
 69303      | Springfield    | 26.92
 76614      | Providence     | 75.83
 79303      | Springfield    |  5.84
 88828      | Greenwood      |  1.45
 91675      | Waterloo       | 39.39
            |                | 83.01
(14 rows)

