                                                                                                                             QUERY PLAN                                                                                                                              
---------------------------------------------------------------------------------------------------------------------------------------------------------------------------------------------------------------------------------------------------------------------
 Sort  (cost=70468.37..70468.42 rows=19 width=77)
   Sort Key: (count(*)) DESC, customer.c_last_name
   ->  Nested Loop  (cost=70288.14..70467.96 rows=19 width=77)
         ->  Finalize GroupAggregate  (cost=70287.85..70309.88 rows=19 width=16)
               Group Key: store_sales.ss_ticket_number, store_sales.ss_customer_sk
               Filter: ((count(*) >= 1) AND (count(*) <= 5))
               ->  Gather Merge  (cost=70287.85..70306.16 rows=146 width=16)
                     Workers Planned: 2
                     ->  Partial GroupAggregate  (cost=69287.83..69289.29 rows=73 width=16)
                           Group Key: store_sales.ss_ticket_number, store_sales.ss_customer_sk
                           ->  Sort  (cost=69287.83..69288.01 rows=73 width=8)
                                 Sort Key: store_sales.ss_ticket_number, store_sales.ss_customer_sk
                                 ->  Hash Join  (cost=2434.16..69285.57 rows=73 width=8)
                                       Hash Cond: (store_sales.ss_store_sk = store.s_store_sk)
                                       ->  Hash Join  (cost=2432.86..69284.00 rows=76 width=12)
                                             Hash Cond: (store_sales.ss_hdemo_sk = household_demographics.hd_demo_sk)
                                             ->  Parallel Hash Join  (cost=2211.20..69059.50 rows=1081 width=16)
                                                   Hash Cond: (store_sales.ss_sold_date_sk = date_dim.d_date_sk)
                                                   ->  Parallel Seq Scan on store_sales  (cost=0.00..63697.68 rows=1200168 width=20)
                                                   ->  Parallel Hash  (cost=2210.69..2210.69 rows=41 width=4)
                                                         ->  Parallel Seq Scan on date_dim  (cost=0.00..2210.69 rows=41 width=4)
                                                               Filter: ((d_dom >= 1) AND (d_dom <= 2) AND (d_year = ANY ('{2000,2001,2002}'::integer[])))
                                             ->  Hash  (cost=215.00..215.00 rows=533 width=4)
                                                   ->  Seq Scan on household_demographics  (cost=0.00..215.00 rows=533 width=4)
                                                         Filter: ((hd_buy_potential = ANY ('{1001-5000,5001-10000}'::bpchar[])) AND (hd_vehicle_count > 0) AND (CASE WHEN (hd_vehicle_count > 0) THEN (hd_dep_count / hd_vehicle_count) ELSE NULL::integer END > 1))
                                       ->  Hash  (cost=1.15..1.15 rows=12 width=4)
                                             ->  Seq Scan on store  (cost=0.00..1.15 rows=12 width=4)
                                                   Filter: ((s_county)::text = 'Williamson County'::text)
         ->  Index Scan using customer_pkey on customer  (cost=0.29..8.31 rows=1 width=69)
               Index Cond: (c_customer_sk = store_sales.ss_customer_sk)
(30 rows)

          c_last_name           |     c_first_name     | c_salutation | c_preferred_cust_flag | ss_ticket_number | cnt 
--------------------------------+----------------------+--------------+-----------------------+------------------+-----
 Donohue                        | Robert               | Mr.          | Y                     |           126839 |   5
 Knox                           | Ruth                 | Dr.          | Y                     |           166798 |   5
 Steiner                        | Tyler                | Dr.          | N                     |           229659 |   4
(3 rows)

