                                                                                                                           QUERY PLAN                                                                                                                           
----------------------------------------------------------------------------------------------------------------------------------------------------------------------------------------------------------------------------------------------------------------
 Nested Loop  (cost=562765.65..562765.88 rows=1 width=64)
   ->  Nested Loop  (cost=492424.33..492424.53 rows=1 width=56)
         ->  Nested Loop  (cost=422077.10..422077.27 rows=1 width=48)
               ->  Nested Loop  (cost=351730.11..351730.25 rows=1 width=40)
                     ->  Nested Loop  (cost=281383.62..281383.73 rows=1 width=32)
                           ->  Nested Loop  (cost=211037.33..211037.41 rows=1 width=24)
                                 ->  Nested Loop  (cost=140690.44..140690.49 rows=1 width=16)
                                       ->  Finalize Aggregate  (cost=70343.80..70343.81 rows=1 width=8)
                                             ->  Gather  (cost=70343.58..70343.79 rows=2 width=8)
                                                   Workers Planned: 2
                                                   ->  Partial Aggregate  (cost=69343.58..69343.59 rows=1 width=8)
                                                         ->  Hash Join  (cost=2420.84..69342.88 rows=283 width=0)
                                                               Hash Cond: (store_sales.ss_store_sk = store.s_store_sk)
                                                               ->  Hash Join  (cost=2419.68..69329.22 rows=3561 width=4)
                                                                     Hash Cond: (store_sales.ss_hdemo_sk = household_demographics.hd_demo_sk)
                                                                     ->  Parallel Hash Join  (cost=2172.28..69020.55 rows=23329 width=8)
                                                                           Hash Cond: (store_sales.ss_sold_time_sk = time_dim.t_time_sk)
                                                                           ->  Parallel Seq Scan on store_sales  (cost=0.00..63697.68 rows=1200168 width=12)
                                                                           ->  Parallel Hash  (cost=2159.35..2159.35 rows=1034 width=4)
                                                                                 ->  Parallel Seq Scan on time_dim  (cost=0.00..2159.35 rows=1034 width=4)
                                                                                       Filter: ((t_minute >= 30) AND (t_hour = 8))
                                                                     ->  Hash  (cost=233.00..233.00 rows=1152 width=4)
                                                                           ->  Seq Scan on household_demographics  (cost=0.00..233.00 rows=1152 width=4)
                                                                                 Filter: (((hd_dep_count = 0) AND (hd_vehicle_count <= 2)) OR ((hd_dep_count = '-1'::integer) AND (hd_vehicle_count <= 1)) OR ((hd_dep_count = 3) AND (hd_vehicle_count <= 5)))
                                                               ->  Hash  (cost=1.15..1.15 rows=1 width=4)
                                                                     ->  Seq Scan on store  (cost=0.00..1.15 rows=1 width=4)
                                                                           Filter: ((s_store_name)::text = 'ese'::text)
                                       ->  Finalize Aggregate  (cost=70346.64..70346.65 rows=1 width=8)
                                             ->  Gather  (cost=70346.42..70346.63 rows=2 width=8)
                                                   Workers Planned: 2
                                                   ->  Partial Aggregate  (cost=69346.42..69346.43 rows=1 width=8)
                                                         ->  Hash Join  (cost=2421.27..69345.69 rows=292 width=0)
                                                               Hash Cond: (store_sales_1.ss_store_sk = store_1.s_store_sk)
                                                               ->  Hash Join  (cost=2420.10..69331.63 rows=3677 width=4)
                                                                     Hash Cond: (store_sales_1.ss_hdemo_sk = household_demographics_1.hd_demo_sk)
                                                                     ->  Parallel Hash Join  (cost=2172.70..69020.97 rows=24086 width=8)
                                                                           Hash Cond: (store_sales_1.ss_sold_time_sk = time_dim_1.t_time_sk)
                                                                           ->  Parallel Seq Scan on store_sales store_sales_1  (cost=0.00..63697.68 rows=1200168 width=12)
                                                                           ->  Parallel Hash  (cost=2159.35..2159.35 rows=1068 width=4)
                                                                                 ->  Parallel Seq Scan on time_dim time_dim_1  (cost=0.00..2159.35 rows=1068 width=4)
                                                                                       Filter: ((t_minute < 30) AND (t_hour = 9))
                                                                     ->  Hash  (cost=233.00..233.00 rows=1152 width=4)
                                                                           ->  Seq Scan on household_demographics household_demographics_1  (cost=0.00..233.00 rows=1152 width=4)
                                                                                 Filter: (((hd_dep_count = 0) AND (hd_vehicle_count <= 2)) OR ((hd_dep_count = '-1'::integer) AND (hd_vehicle_count <= 1)) OR ((hd_dep_count = 3) AND (hd_vehicle_count <= 5)))
                                                               ->  Hash  (cost=1.15..1.15 rows=1 width=4)
                                                                     ->  Seq Scan on store store_1  (cost=0.00..1.15 rows=1 width=4)
                                                                           Filter: ((s_store_name)::text = 'ese'::text)
                                 ->  Finalize Aggregate  (cost=70346.89..70346.90 rows=1 width=8)
                                       ->  Gather  (cost=70346.67..70346.88 rows=2 width=8)
                                             Workers Planned: 2
                                             ->  Partial Aggregate  (cost=69346.67..69346.68 rows=1 width=8)
                                                   ->  Hash Join  (cost=2421.30..69345.94 rows=293 width=0)
                                                         Hash Cond: (store_sales_2.ss_store_sk = store_2.s_store_sk)
                                                         ->  Hash Join  (cost=2420.14..69331.84 rows=3687 width=4)
                                                               Hash Cond: (store_sales_2.ss_hdemo_sk = household_demographics_2.hd_demo_sk)
                                                               ->  Parallel Hash Join  (cost=2172.74..69021.01 rows=24152 width=8)
                                                                     Hash Cond: (store_sales_2.ss_sold_time_sk = time_dim_2.t_time_sk)
                                                                     ->  Parallel Seq Scan on store_sales store_sales_2  (cost=0.00..63697.68 rows=1200168 width=12)
                                                                     ->  Parallel Hash  (cost=2159.35..2159.35 rows=1071 width=4)
                                                                           ->  Parallel Seq Scan on time_dim time_dim_2  (cost=0.00..2159.35 rows=1071 width=4)
                                                                                 Filter: ((t_minute >= 30) AND (t_hour = 9))
                                                               ->  Hash  (cost=233.00..233.00 rows=1152 width=4)
                                                                     ->  Seq Scan on household_demographics household_demographics_2  (cost=0.00..233.00 rows=1152 width=4)
                                                                           Filter: (((hd_dep_count = 0) AND (hd_vehicle_count <= 2)) OR ((hd_dep_count = '-1'::integer) AND (hd_vehicle_count <= 1)) OR ((hd_dep_count = 3) AND (hd_vehicle_count <= 5)))
                                                         ->  Hash  (cost=1.15..1.15 rows=1 width=4)
                                                               ->  Seq Scan on store store_2  (cost=0.00..1.15 rows=1 width=4)
                                                                     Filter: ((s_store_name)::text = 'ese'::text)
                           ->  Finalize Aggregate  (cost=70346.29..70346.30 rows=1 width=8)
                                 ->  Gather  (cost=70346.08..70346.29 rows=2 width=8)
                                       Workers Planned: 2
                                       ->  Partial Aggregate  (cost=69346.08..69346.09 rows=1 width=8)
                                             ->  Hash Join  (cost=2421.22..69345.35 rows=291 width=0)
                                                   Hash Cond: (store_sales_3.ss_store_sk = store_3.s_store_sk)
                                                   ->  Hash Join  (cost=2420.05..69331.34 rows=3662 width=4)
                                                         Hash Cond: (store_sales_3.ss_hdemo_sk = household_demographics_3.hd_demo_sk)
                                                         ->  Parallel Hash Join  (cost=2172.65..69020.92 rows=23993 width=8)
                                                               Hash Cond: (store_sales_3.ss_sold_time_sk = time_dim_3.t_time_sk)
                                                               ->  Parallel Seq Scan on store_sales store_sales_3  (cost=0.00..63697.68 rows=1200168 width=12)
                                                               ->  Parallel Hash  (cost=2159.35..2159.35 rows=1064 width=4)
                                                                     ->  Parallel Seq Scan on time_dim time_dim_3  (cost=0.00..2159.35 rows=1064 width=4)
                                                                           Filter: ((t_minute < 30) AND (t_hour = 10))
                                                         ->  Hash  (cost=233.00..233.00 rows=1152 width=4)
                                                               ->  Seq Scan on household_demographics household_demographics_3  (cost=0.00..233.00 rows=1152 width=4)
                                                                     Filter: (((hd_dep_count = 0) AND (hd_vehicle_count <= 2)) OR ((hd_dep_count = '-1'::integer) AND (hd_vehicle_count <= 1)) OR ((hd_dep_count = 3) AND (hd_vehicle_count <= 5)))
                                                   ->  Hash  (cost=1.15..1.15 rows=1 width=4)
                                                         ->  Seq Scan on store store_3  (cost=0.00..1.15 rows=1 width=4)
                                                               Filter: ((s_store_name)::text = 'ese'::text)
                     ->  Finalize Aggregate  (cost=70346.49..70346.50 rows=1 width=8)
                           ->  Gather  (cost=70346.28..70346.49 rows=2 width=8)
                                 Workers Planned: 2
                                 ->  Partial Aggregate  (cost=69346.28..69346.29 rows=1 width=8)
                                       ->  Hash Join  (cost=2421.24..69345.55 rows=292 width=0)
                                             Hash Cond: (store_sales_4.ss_store_sk = store_4.s_store_sk)
                                             ->  Hash Join  (cost=2420.08..69331.50 rows=3670 width=4)
                                                   Hash Cond: (store_sales_4.ss_hdemo_sk = household_demographics_4.hd_demo_sk)
                                                   ->  Parallel Hash Join  (cost=2172.68..69020.95 rows=24046 width=8)
                                                         Hash Cond: (store_sales_4.ss_sold_time_sk = time_dim_4.t_time_sk)
                                                         ->  Parallel Seq Scan on store_sales store_sales_4  (cost=0.00..63697.68 rows=1200168 width=12)
                                                         ->  Parallel Hash  (cost=2159.35..2159.35 rows=1066 width=4)
                                                               ->  Parallel Seq Scan on time_dim time_dim_4  (cost=0.00..2159.35 rows=1066 width=4)
                                                                     Filter: ((t_minute >= 30) AND (t_hour = 10))
                                                   ->  Hash  (cost=233.00..233.00 rows=1152 width=4)
                                                         ->  Seq Scan on household_demographics household_demographics_4  (cost=0.00..233.00 rows=1152 width=4)
                                                               Filter: (((hd_dep_count = 0) AND (hd_vehicle_count <= 2)) OR ((hd_dep_count = '-1'::integer) AND (hd_vehicle_count <= 1)) OR ((hd_dep_count = 3) AND (hd_vehicle_count <= 5)))
                                             ->  Hash  (cost=1.15..1.15 rows=1 width=4)
                                                   ->  Seq Scan on store store_4  (cost=0.00..1.15 rows=1 width=4)
                                                         Filter: ((s_store_name)::text = 'ese'::text)
               ->  Finalize Aggregate  (cost=70346.98..70346.99 rows=1 width=8)
                     ->  Gather  (cost=70346.77..70346.98 rows=2 width=8)
                           Workers Planned: 2
                           ->  Partial Aggregate  (cost=69346.77..69346.78 rows=1 width=8)
                                 ->  Hash Join  (cost=2421.32..69346.04 rows=293 width=0)
                                       Hash Cond: (store_sales_5.ss_store_sk = store_5.s_store_sk)
                                       ->  Hash Join  (cost=2420.15..69331.93 rows=3691 width=4)
                                             Hash Cond: (store_sales_5.ss_hdemo_sk = household_demographics_5.hd_demo_sk)
                                             ->  Parallel Hash Join  (cost=2172.75..69021.02 rows=24179 width=8)
                                                   Hash Cond: (store_sales_5.ss_sold_time_sk = time_dim_5.t_time_sk)
                                                   ->  Parallel Seq Scan on store_sales store_sales_5  (cost=0.00..63697.68 rows=1200168 width=12)
                                                   ->  Parallel Hash  (cost=2159.35..2159.35 rows=1072 width=4)
                                                         ->  Parallel Seq Scan on time_dim time_dim_5  (cost=0.00..2159.35 rows=1072 width=4)
                                                               Filter: ((t_minute < 30) AND (t_hour = 11))
                                             ->  Hash  (cost=233.00..233.00 rows=1152 width=4)
                                                   ->  Seq Scan on household_demographics household_demographics_5  (cost=0.00..233.00 rows=1152 width=4)
                                                         Filter: (((hd_dep_count = 0) AND (hd_vehicle_count <= 2)) OR ((hd_dep_count = '-1'::integer) AND (hd_vehicle_count <= 1)) OR ((hd_dep_count = 3) AND (hd_vehicle_count <= 5)))
                                       ->  Hash  (cost=1.15..1.15 rows=1 width=4)
                                             ->  Seq Scan on store store_5  (cost=0.00..1.15 rows=1 width=4)
                                                   Filter: ((s_store_name)::text = 'ese'::text)
         ->  Finalize Aggregate  (cost=70347.23..70347.24 rows=1 width=8)
               ->  Gather  (cost=70347.02..70347.23 rows=2 width=8)
                     Workers Planned: 2
                     ->  Partial Aggregate  (cost=69347.02..69347.03 rows=1 width=8)
                           ->  Hash Join  (cost=2421.35..69346.28 rows=294 width=0)
                                 Hash Cond: (store_sales_6.ss_store_sk = store_6.s_store_sk)
                                 ->  Hash Join  (cost=2420.19..69332.14 rows=3701 width=4)
                                       Hash Cond: (store_sales_6.ss_hdemo_sk = household_demographics_6.hd_demo_sk)
                                       ->  Parallel Hash Join  (cost=2172.79..69021.06 rows=24245 width=8)
                                             Hash Cond: (store_sales_6.ss_sold_time_sk = time_dim_6.t_time_sk)
                                             ->  Parallel Seq Scan on store_sales store_sales_6  (cost=0.00..63697.68 rows=1200168 width=12)
                                             ->  Parallel Hash  (cost=2159.35..2159.35 rows=1075 width=4)
                                                   ->  Parallel Seq Scan on time_dim time_dim_6  (cost=0.00..2159.35 rows=1075 width=4)
                                                         Filter: ((t_minute >= 30) AND (t_hour = 11))
                                       ->  Hash  (cost=233.00..233.00 rows=1152 width=4)
                                             ->  Seq Scan on household_demographics household_demographics_6  (cost=0.00..233.00 rows=1152 width=4)
                                                   Filter: (((hd_dep_count = 0) AND (hd_vehicle_count <= 2)) OR ((hd_dep_count = '-1'::integer) AND (hd_vehicle_count <= 1)) OR ((hd_dep_count = 3) AND (hd_vehicle_count <= 5)))
                                 ->  Hash  (cost=1.15..1.15 rows=1 width=4)
                                       ->  Seq Scan on store store_6  (cost=0.00..1.15 rows=1 width=4)
                                             Filter: ((s_store_name)::text = 'ese'::text)
   ->  Finalize Aggregate  (cost=70341.32..70341.33 rows=1 width=8)
         ->  Gather  (cost=70341.11..70341.32 rows=2 width=8)
               Workers Planned: 2
               ->  Partial Aggregate  (cost=69341.11..69341.12 rows=1 width=8)
                     ->  Hash Join  (cost=2420.48..69340.42 rows=275 width=0)
                           Hash Cond: (store_sales_7.ss_store_sk = store_7.s_store_sk)
                           ->  Hash Join  (cost=2419.32..69327.12 rows=3460 width=4)
                                 Hash Cond: (store_sales_7.ss_hdemo_sk = household_demographics_7.hd_demo_sk)
                                 ->  Parallel Hash Join  (cost=2171.92..69020.18 rows=22666 width=8)
                                       Hash Cond: (store_sales_7.ss_sold_time_sk = time_dim_7.t_time_sk)
                                       ->  Parallel Seq Scan on store_sales store_sales_7  (cost=0.00..63697.68 rows=1200168 width=12)
                                       ->  Parallel Hash  (cost=2159.35..2159.35 rows=1005 width=4)
                                             ->  Parallel Seq Scan on time_dim time_dim_7  (cost=0.00..2159.35 rows=1005 width=4)
                                                   Filter: ((t_minute < 30) AND (t_hour = 12))
                                 ->  Hash  (cost=233.00..233.00 rows=1152 width=4)
                                       ->  Seq Scan on household_demographics household_demographics_7  (cost=0.00..233.00 rows=1152 width=4)
                                             Filter: (((hd_dep_count = 0) AND (hd_vehicle_count <= 2)) OR ((hd_dep_count = '-1'::integer) AND (hd_vehicle_count <= 1)) OR ((hd_dep_count = 3) AND (hd_vehicle_count <= 5)))
                           ->  Hash  (cost=1.15..1.15 rows=1 width=4)
                                 ->  Seq Scan on store store_7  (cost=0.00..1.15 rows=1 width=4)
                                       Filter: ((s_store_name)::text = 'ese'::text)
 JIT:
   Functions: 279
   Options: Inlining true, Optimization true, Expressions true, Deforming true
(170 rows)

 h8_30_to_9 | h9_to_9_30 | h9_30_to_10 | h10_to_10_30 | h10_30_to_11 | h11_to_11_30 | h11_30_to_12 | h12_to_12_30 
------------+------------+-------------+--------------+--------------+--------------+--------------+--------------
       1405 |       2794 |        3097 |         4306 |         4287 |         2458 |         2648 |         2842
(1 row)

