                                                                                                         QUERY PLAN                                                                                                         
----------------------------------------------------------------------------------------------------------------------------------------------------------------------------------------------------------------------------
 Finalize Aggregate  (cost=170015.95..170015.96 rows=1 width=32)
   ->  Gather  (cost=170015.73..170015.94 rows=2 width=32)
         Workers Planned: 2
         ->  Partial Aggregate  (cost=169015.73..169015.74 rows=1 width=32)
               ->  Parallel Seq Scan on lineitem  (cost=0.00..168764.02 rows=50340 width=12)
                     Filter: ((l_shipdate >= '1995-01-01'::date) AND (l_shipdate <= '1995-12-31 00:00:00'::timestamp without time zone) AND (l_discount >= 0.02) AND (l_discount <= 0.04) AND (l_quantity < '25'::numeric))
 JIT:
   Functions: 7
   Options: Inlining false, Optimization false, Expressions true, Deforming true
(9 rows)

 total_revenue 
---------------
 67410243.3370
(1 row)

