                                                                                QUERY PLAN                                                                                 
---------------------------------------------------------------------------------------------------------------------------------------------------------------------------
 Limit  (cost=49525.22..49539.62 rows=98 width=145)
   ->  Finalize GroupAggregate  (cost=49525.22..49539.62 rows=98 width=145)
         Group Key: item.i_item_id
         ->  Gather Merge  (cost=49525.22..49536.02 rows=82 width=145)
               Workers Planned: 2
               ->  Partial GroupAggregate  (cost=48525.20..48526.53 rows=41 width=145)
                     Group Key: item.i_item_id
                     ->  Sort  (cost=48525.20..48525.30 rows=41 width=36)
                           Sort Key: item.i_item_id
                           ->  Nested Loop  (cost=1945.66..48524.10 rows=41 width=36)
                                 ->  Nested Loop  (cost=1945.51..48517.13 rows=41 width=40)
                                       ->  Nested Loop  (cost=1945.23..48504.48 rows=41 width=27)
                                             ->  Parallel Hash Join  (cost=1944.80..46933.03 rows=2978 width=31)
                                                   Hash Cond: (catalog_sales.cs_sold_date_sk = date_dim.d_date_sk)
                                                   ->  Parallel Seq Scan on catalog_sales  (cost=0.00..43411.45 rows=600645 width=35)
                                                   ->  Parallel Hash  (cost=1942.12..1942.12 rows=214 width=4)
                                                         ->  Parallel Seq Scan on date_dim  (cost=0.00..1942.12 rows=214 width=4)
                                                               Filter: (d_year = 2002)
                                             ->  Index Scan using customer_demographics_pkey on customer_demographics  (cost=0.43..0.53 rows=1 width=4)
                                                   Index Cond: (cd_demo_sk = catalog_sales.cs_bill_cdemo_sk)
                                                   Filter: ((cd_gender = 'M'::bpchar) AND (cd_marital_status = 'W'::bpchar) AND (cd_education_status = 'Unknown'::bpchar))
                                       ->  Index Scan using item_pkey on item  (cost=0.29..0.31 rows=1 width=21)
                                             Index Cond: (i_item_sk = catalog_sales.cs_item_sk)
                                 ->  Index Scan using promotion_pkey on promotion  (cost=0.15..0.17 rows=1 width=4)
                                       Index Cond: (p_promo_sk = catalog_sales.cs_promo_sk)
                                       Filter: ((p_channel_email = 'N'::bpchar) OR (p_channel_event = 'N'::bpchar))
(26 rows)

    i_item_id     |          agg1          |         agg2         |          agg3          |          agg4          
------------------+------------------------+----------------------+------------------------+------------------------
 AAAAAAAAAAABAAAA |    79.0000000000000000 | 148.0200000000000000 |  1988.7700000000000000 |   122.4150000000000000
 AAAAAAAAAAACAAAA |    26.0000000000000000 | 178.6800000000000000 | 0.00000000000000000000 |   166.1700000000000000
 AAAAAAAAAAAEAAAA |    28.0000000000000000 | 105.2400000000000000 |  2165.7300000000000000 |   103.1300000000000000
 AAAAAAAAAACAAAAA |    53.0000000000000000 |  79.9700000000000000 | 0.00000000000000000000 |    44.7800000000000000
 AAAAAAAAAACCAAAA |    97.0000000000000000 | 142.7200000000000000 | 0.00000000000000000000 |    95.6200000000000000
 AAAAAAAAAACDAAAA |    82.0000000000000000 | 148.1700000000000000 | 0.00000000000000000000 |    38.5200000000000000
 AAAAAAAAAADCAAAA |    15.0000000000000000 | 169.9500000000000000 | 0.00000000000000000000 |   100.2700000000000000
 AAAAAAAAAADEAAAA |    56.0000000000000000 | 158.1100000000000000 |  3865.5200000000000000 |    93.2800000000000000
 AAAAAAAAAAEBAAAA |    64.0000000000000000 | 231.5400000000000000 | 0.00000000000000000000 |   213.0100000000000000
 AAAAAAAAAAEDAAAA |    18.0000000000000000 |  17.6100000000000000 |    19.9500000000000000 |     7.9200000000000000
 AAAAAAAAAAFAAAAA |    28.0000000000000000 |  19.3400000000000000 | 0.00000000000000000000 |     2.5100000000000000
 AAAAAAAAAAGBAAAA |    88.0000000000000000 |  47.5200000000000000 | 0.00000000000000000000 |    27.5600000000000000
 AAAAAAAAAAHBAAAA |    54.0000000000000000 | 169.4800000000000000 |  1200.6100000000000000 |    69.4800000000000000
 AAAAAAAAAAHDAAAA |    23.5000000000000000 |  37.6000000000000000 |   532.3850000000000000 |    18.2800000000000000
 AAAAAAAAAAIAAAAA |    95.0000000000000000 | 154.8100000000000000 | 0.00000000000000000000 |    80.5000000000000000
 AAAAAAAAAAICAAAA |    32.0000000000000000 |  15.8900000000000000 | 0.00000000000000000000 | 1.27000000000000000000
 AAAAAAAAAAIDAAAA |    38.5000000000000000 | 117.0550000000000000 | 0.00000000000000000000 |    55.5000000000000000
 AAAAAAAAAAJBAAAA |    54.0000000000000000 | 139.9700000000000000 |  4193.0500000000000000 |   102.1700000000000000
 AAAAAAAAAAKAAAAA |    24.0000000000000000 | 146.9100000000000000 | 0.00000000000000000000 |    98.4200000000000000
 AAAAAAAAAAKDAAAA |    89.0000000000000000 |   3.4000000000000000 |    18.4700000000000000 | 1.73000000000000000000
 AAAAAAAAAALCAAAA |    71.0000000000000000 |  21.4500000000000000 | 0.00000000000000000000 |    14.3700000000000000
 AAAAAAAAAALDAAAA |    57.5000000000000000 | 117.1900000000000000 | 0.00000000000000000000 |    77.3250000000000000
 AAAAAAAAAAOAAAAA |     7.0000000000000000 | 118.4000000000000000 |    11.6000000000000000 |    11.8400000000000000
 AAAAAAAAAAOCAAAA |    79.0000000000000000 | 217.4100000000000000 |   978.9600000000000000 |   123.9200000000000000
 AAAAAAAAAAODAAAA |    43.6666666666666667 | 100.2900000000000000 | 0.00000000000000000000 |    72.2800000000000000
 AAAAAAAAAAPCAAAA |    42.0000000000000000 | 108.7000000000000000 |  1323.8400000000000000 |    31.5200000000000000
 AAAAAAAAABAAAAAA |    72.0000000000000000 | 123.2600000000000000 | 0.00000000000000000000 | 0.00000000000000000000
 AAAAAAAAABABAAAA |     5.0000000000000000 | 208.8400000000000000 | 0.00000000000000000000 |    60.5600000000000000
 AAAAAAAAABADAAAA |    98.5000000000000000 | 122.8650000000000000 | 0.00000000000000000000 |    53.4250000000000000
 AAAAAAAAABCBAAAA |    88.0000000000000000 |   3.3800000000000000 | 0.00000000000000000000 |     3.2700000000000000
 AAAAAAAAABDAAAAA |    22.0000000000000000 | 119.1550000000000000 |   177.1950000000000000 |    26.4000000000000000
 AAAAAAAAABDBAAAA |     5.0000000000000000 | 260.3900000000000000 |     6.2400000000000000 |     2.6000000000000000
 AAAAAAAAABECAAAA |    96.0000000000000000 | 114.8000000000000000 | 0.00000000000000000000 |    29.8400000000000000
 AAAAAAAAABIBAAAA |    74.0000000000000000 | 137.2000000000000000 |  1626.1200000000000000 |    43.8150000000000000
 AAAAAAAAABKAAAAA |    73.5000000000000000 | 143.2450000000000000 | 0.00000000000000000000 |   120.8300000000000000
 AAAAAAAAABKCAAAA |    96.0000000000000000 | 111.2400000000000000 | 0.00000000000000000000 |    43.3800000000000000
 AAAAAAAAABKDAAAA |    47.0000000000000000 | 206.4800000000000000 | 0.00000000000000000000 |    39.2300000000000000
 AAAAAAAAABLBAAAA |    26.0000000000000000 |  57.8300000000000000 | 0.00000000000000000000 |    56.0900000000000000
 AAAAAAAAABMBAAAA |    20.0000000000000000 |  69.0000000000000000 | 0.00000000000000000000 |    35.1900000000000000
 AAAAAAAAABMDAAAA |    16.0000000000000000 |   9.2700000000000000 | 0.00000000000000000000 | 1.29000000000000000000
 AAAAAAAAABNDAAAA |    11.0000000000000000 | 128.9200000000000000 | 0.00000000000000000000 |    27.4500000000000000
 AAAAAAAAACACAAAA |    17.0000000000000000 | 118.5500000000000000 | 0.00000000000000000000 |   107.8800000000000000
 AAAAAAAAACBCAAAA |    46.0000000000000000 | 202.6600000000000000 | 0.00000000000000000000 |    81.0600000000000000
 AAAAAAAAACBEAAAA |    20.0000000000000000 | 131.7800000000000000 |   990.9400000000000000 |   105.4200000000000000
 AAAAAAAAACCAAAAA |    90.0000000000000000 |  33.2600000000000000 | 0.00000000000000000000 |    22.6100000000000000
 AAAAAAAAACDAAAAA |    40.0000000000000000 |  31.0900000000000000 | 0.00000000000000000000 |    16.7800000000000000
 AAAAAAAAACDCAAAA |    57.0000000000000000 |   5.2000000000000000 | 0.00000000000000000000 |     4.5700000000000000
 AAAAAAAAACEBAAAA |     4.0000000000000000 |  89.4400000000000000 |    93.8700000000000000 |    73.3400000000000000
 AAAAAAAAACECAAAA | 1.00000000000000000000 | 144.3800000000000000 | 0.00000000000000000000 |    95.2900000000000000
 AAAAAAAAACFEAAAA |    51.0000000000000000 |  68.0400000000000000 | 0.00000000000000000000 |    41.5000000000000000
 AAAAAAAAACGCAAAA |    71.0000000000000000 |  22.9600000000000000 | 0.00000000000000000000 |     3.2100000000000000
 AAAAAAAAACGDAAAA |    36.6666666666666667 |  44.5900000000000000 | 0.00000000000000000000 |    10.2566666666666667
 AAAAAAAAACIBAAAA |    57.0000000000000000 | 149.8600000000000000 | 0.00000000000000000000 |    17.9800000000000000
 AAAAAAAAACIDAAAA |    86.0000000000000000 | 115.4600000000000000 | 0.00000000000000000000 |   111.9900000000000000
 AAAAAAAAACJAAAAA |    84.0000000000000000 | 113.2000000000000000 | 0.00000000000000000000 |    73.5800000000000000
 AAAAAAAAACJDAAAA |    82.0000000000000000 |  90.7800000000000000 | 0.00000000000000000000 |    27.6950000000000000
 AAAAAAAAACKBAAAA |    28.0000000000000000 |  28.7300000000000000 |   222.0100000000000000 |    26.4300000000000000
 AAAAAAAAACKCAAAA |     9.0000000000000000 | 108.5800000000000000 | 0.00000000000000000000 |    95.5500000000000000
 AAAAAAAAACLAAAAA |     8.5000000000000000 | 133.6850000000000000 | 0.00000000000000000000 |    95.9500000000000000
 AAAAAAAAACLBAAAA |    26.0000000000000000 |  57.7000000000000000 | 0.00000000000000000000 |    34.0400000000000000
 AAAAAAAAACLDAAAA |    18.0000000000000000 |  91.9500000000000000 | 0.00000000000000000000 |    59.7600000000000000
 AAAAAAAAACMAAAAA |    11.0000000000000000 | 166.8700000000000000 | 0.00000000000000000000 |    46.7200000000000000
 AAAAAAAAACNBAAAA |    47.5000000000000000 | 201.8750000000000000 |  2171.3550000000000000 |   150.7300000000000000
 AAAAAAAAACOBAAAA |    50.0000000000000000 | 107.6700000000000000 | 0.00000000000000000000 |    90.4400000000000000
 AAAAAAAAACODAAAA |    39.0000000000000000 |  83.9300000000000000 | 0.00000000000000000000 |    35.5850000000000000
 AAAAAAAAACPAAAAA |    39.0000000000000000 |  63.1550000000000000 | 0.00000000000000000000 |    47.2700000000000000
 AAAAAAAAADBAAAAA |    88.0000000000000000 | 248.5500000000000000 |  9147.0000000000000000 |   126.7600000000000000
 AAAAAAAAADBDAAAA |    41.0000000000000000 | 113.5200000000000000 |  2143.5900000000000000 |    55.6200000000000000
 AAAAAAAAADCDAAAA |    74.0000000000000000 |  68.3100000000000000 | 0.00000000000000000000 |     5.4600000000000000
 AAAAAAAAADEAAAAA |    42.5000000000000000 |  65.9100000000000000 | 0.00000000000000000000 |    29.8350000000000000
 AAAAAAAAADEEAAAA |    96.0000000000000000 |  82.9000000000000000 |  5882.3400000000000000 |    69.6300000000000000
 AAAAAAAAADFDAAAA |    43.5000000000000000 |  42.2350000000000000 | 0.00000000000000000000 |    24.6000000000000000
 AAAAAAAAADGCAAAA |     7.0000000000000000 | 210.6000000000000000 | 0.00000000000000000000 |   181.1100000000000000
 AAAAAAAAADHAAAAA |    52.0000000000000000 |  91.2550000000000000 | 0.00000000000000000000 |    65.0050000000000000
 AAAAAAAAADIAAAAA |     7.5000000000000000 | 159.6550000000000000 | 0.00000000000000000000 |    42.5300000000000000
 AAAAAAAAADJBAAAA |    56.5000000000000000 | 149.0100000000000000 | 0.00000000000000000000 |   119.2050000000000000
 AAAAAAAAADKDAAAA |    94.0000000000000000 | 128.0200000000000000 | 0.00000000000000000000 |    98.6150000000000000
 AAAAAAAAADMCAAAA |    53.0000000000000000 |  63.5100000000000000 | 0.00000000000000000000 |    53.9800000000000000
 AAAAAAAAADNAAAAA |    24.0000000000000000 | 139.8200000000000000 | 0.00000000000000000000 |    53.1300000000000000
 AAAAAAAAADOAAAAA |    32.0000000000000000 | 172.0900000000000000 |  1189.3200000000000000 |    51.6200000000000000
 AAAAAAAAADPCAAAA |    70.0000000000000000 | 112.0300000000000000 | 0.00000000000000000000 |    81.7800000000000000
 AAAAAAAAAEBAAAAA |    28.5000000000000000 | 124.4450000000000000 |   770.3550000000000000 |   115.1450000000000000
 AAAAAAAAAEBCAAAA |    13.5000000000000000 | 118.6400000000000000 | 0.00000000000000000000 |    87.2200000000000000
 AAAAAAAAAECCAAAA |    34.0000000000000000 |  60.4300000000000000 |   122.2100000000000000 |    10.2700000000000000
 AAAAAAAAAEDBAAAA |    68.0000000000000000 |  90.7900000000000000 | 0.00000000000000000000 |    11.8000000000000000
 AAAAAAAAAEFEAAAA |    16.0000000000000000 | 111.2400000000000000 | 0.00000000000000000000 |    13.3400000000000000
 AAAAAAAAAEHCAAAA |    69.0000000000000000 | 102.4000000000000000 |  3645.8400000000000000 |    61.4400000000000000
 AAAAAAAAAEICAAAA |    93.0000000000000000 | 224.8100000000000000 | 0.00000000000000000000 |    24.7200000000000000
 AAAAAAAAAEKAAAAA |    81.0000000000000000 | 165.3400000000000000 | 0.00000000000000000000 |     8.2600000000000000
 AAAAAAAAAELCAAAA |    25.0000000000000000 |  88.3900000000000000 | 0.00000000000000000000 |    83.9700000000000000
 AAAAAAAAAEOCAAAA |    23.0000000000000000 |  49.4000000000000000 | 0.00000000000000000000 |    45.4400000000000000
 AAAAAAAAAFACAAAA |    44.0000000000000000 |   2.2600000000000000 | 0.00000000000000000000 |     2.1900000000000000
 AAAAAAAAAFBCAAAA |    41.0000000000000000 |  54.4400000000000000 |    44.3800000000000000 |    29.6000000000000000
 AAAAAAAAAFBEAAAA |    98.0000000000000000 |  62.5500000000000000 | 0.00000000000000000000 |    13.7600000000000000
 AAAAAAAAAFCDAAAA |    22.0000000000000000 |  56.7200000000000000 | 0.00000000000000000000 |    36.3000000000000000
 AAAAAAAAAFCEAAAA |    66.0000000000000000 | 102.5400000000000000 | 0.00000000000000000000 |     3.0700000000000000
 AAAAAAAAAFDAAAAA |    11.0000000000000000 |   4.9300000000000000 | 0.00000000000000000000 | 1.67000000000000000000
 AAAAAAAAAFEBAAAA |    74.0000000000000000 |  95.1500000000000000 | 0.00000000000000000000 |    27.5900000000000000
 AAAAAAAAAFGAAAAA |    31.5000000000000000 |   7.4600000000000000 | 0.00000000000000000000 |     2.8650000000000000
 AAAAAAAAAFHBAAAA |    25.0000000000000000 | 148.0600000000000000 | 0.00000000000000000000 |    69.5800000000000000
(100 rows)

