                                                                                        QUERY PLAN                                                                                         
-------------------------------------------------------------------------------------------------------------------------------------------------------------------------------------------
 Limit  (cost=35563.47..35563.48 rows=1 width=8)
   ->  Aggregate  (cost=35563.47..35563.48 rows=1 width=8)
         ->  Subquery Scan on hot_cust  (cost=6493.81..35554.54 rows=3572 width=0)
               ->  HashSetOp Intersect  (cost=6493.81..35518.82 rows=3572 width=216)
                     ->  Append  (cost=6493.81..35438.86 rows=10661 width=216)
                           ->  Subquery Scan on "*SELECT* 3"  (cost=6493.81..6565.25 rows=3572 width=60)
                                 ->  HashAggregate  (cost=6493.81..6529.53 rows=3572 width=56)
                                       Group Key: customer.c_last_name, customer.c_first_name, date_dim.d_date
                                       ->  Nested Loop  (cost=1.01..6467.02 rows=3572 width=56)
                                             ->  Nested Loop  (cost=0.72..5298.91 rows=3573 width=8)
                                                   ->  Index Scan using idx_date_dim_month_seq on date_dim  (cost=0.29..21.55 rows=363 width=8)
                                                         Index Cond: ((d_month_seq >= 1189) AND (d_month_seq <= 1200))
                                                   ->  Index Only Scan using idx_web_sales_date_customer on web_sales  (cost=0.42..10.59 rows=395 width=8)
                                                         Index Cond: (ws_sold_date_sk = date_dim.d_date_sk)
                                             ->  Index Scan using customer_pkey on customer  (cost=0.29..0.33 rows=1 width=56)
                                                   Index Cond: (c_customer_sk = web_sales.ws_bill_customer_sk)
                           ->  Result  (cost=10625.34..28820.31 rows=7089 width=216)
                                 ->  HashSetOp Intersect  (cost=10625.34..28749.42 rows=7089 width=216)
                                       ->  Append  (cost=10625.34..28598.51 rows=20121 width=216)
                                             ->  Subquery Scan on "*SELECT* 2"  (cost=10625.34..10767.12 rows=7089 width=60)
                                                   ->  HashAggregate  (cost=10625.34..10696.23 rows=7089 width=56)
                                                         Group Key: customer_1.c_last_name, customer_1.c_first_name, date_dim_1.d_date
                                                         ->  Gather  (cost=1000.72..10572.17 rows=7089 width=56)
                                                               Workers Planned: 1
                                                               ->  Nested Loop  (cost=0.72..8863.27 rows=4170 width=56)
                                                                     ->  Nested Loop  (cost=0.43..7528.34 rows=4192 width=8)
                                                                           ->  Parallel Seq Scan on date_dim date_dim_1  (cost=0.00..2049.55 rows=214 width=8)
                                                                                 Filter: ((d_month_seq >= 1189) AND (d_month_seq <= 1200))
                                                                           ->  Index Only Scan using idx_catalog_sales_date_customer on catalog_sales  (cost=0.43..17.76 rows=784 width=8)
                                                                                 Index Cond: (cs_sold_date_sk = date_dim_1.d_date_sk)
                                                                     ->  Index Scan using customer_pkey on customer customer_1  (cost=0.29..0.32 rows=1 width=56)
                                                                           Index Cond: (c_customer_sk = catalog_sales.cs_bill_customer_sk)
                                             ->  Subquery Scan on "*SELECT* 1"  (cost=17470.15..17730.79 rows=13032 width=60)
                                                   ->  HashAggregate  (cost=17470.15..17600.47 rows=13032 width=56)
                                                         Group Key: customer_2.c_last_name, customer_2.c_first_name, date_dim_2.d_date
                                                         ->  Gather  (cost=1000.72..17372.41 rows=13032 width=56)
                                                               Workers Planned: 1
                                                               ->  Nested Loop  (cost=0.72..15069.21 rows=7666 width=56)
                                                                     ->  Nested Loop  (cost=0.43..12546.59 rows=8028 width=8)
                                                                           ->  Parallel Seq Scan on date_dim date_dim_2  (cost=0.00..2049.55 rows=214 width=8)
                                                                                 Filter: ((d_month_seq >= 1189) AND (d_month_seq <= 1200))
                                                                           ->  Index Only Scan using idx_store_sales_date_customer on store_sales  (cost=0.43..33.99 rows=1506 width=8)
                                                                                 Index Cond: (ss_sold_date_sk = date_dim_2.d_date_sk)
                                                                     ->  Index Scan using customer_pkey on customer customer_2  (cost=0.29..0.31 rows=1 width=56)
                                                                           Index Cond: (c_customer_sk = store_sales.ss_customer_sk)
(45 rows)

 count 
-------
   108
(1 row)

