                                                                                                                                                                                                                                                                                                                                                                                                                                                                                                                                                                                                                                                                                                       QUERY PLAN                                                                                                                                                                                                                                                                                                                                                                                                                                                                                                                                                                                                                                                                                                       
------------------------------------------------------------------------------------------------------------------------------------------------------------------------------------------------------------------------------------------------------------------------------------------------------------------------------------------------------------------------------------------------------------------------------------------------------------------------------------------------------------------------------------------------------------------------------------------------------------------------------------------------------------------------------------------------------------------------------------------------------------------------------------------------------------------------------------------------------------------------------------------------------------------------------------------------------------------------------------------------------------------------------------------------------------------------------------------------------------------------------------------------------------------------------------------------------------------------------------------------------------------------------------------------------------------------------------------------------------------------------------------------------------------------
 Limit  (cost=4803.31..4803.40 rows=18 width=51)
   ->  Unique  (cost=4803.31..4803.40 rows=18 width=51)
         ->  Sort  (cost=4803.31..4803.36 rows=18 width=51)
               Sort Key: i1.i_product_name
               ->  Hash Semi Join  (cost=3300.75..4802.94 rows=18 width=51)
                     Hash Cond: (i1.i_manufact = i2.i_manufact)
                     ->  Seq Scan on item i1  (cost=0.00..1500.00 rows=252 width=102)
                           Filter: ((i_manufact_id >= 704) AND (i_manufact_id <= 744))
                     ->  Hash  (cost=3300.00..3300.00 rows=60 width=51)
                           ->  Seq Scan on item i2  (cost=0.00..3300.00 rows=60 width=51)
                                 Filter: (((i_category = 'Women'::bpchar) AND ((i_color = 'forest'::bpchar) OR (i_color = 'lime'::bpchar) OR (i_color = 'navy'::bpchar) OR (i_color = 'slate'::bpchar) OR (i_color = 'dark'::bpchar) OR (i_color = 'aquamarine'::bpchar) OR (i_color = 'frosted'::bpchar) OR (i_color = 'plum'::bpchar)) AND ((i_units = 'Pallet'::bpchar) OR (i_units = 'Pound'::bpchar) OR (i_units = 'Gross'::bpchar) OR (i_units = 'Bunch'::bpchar) OR (i_units = 'Ton'::bpchar) OR (i_units = 'Tbl'::bpchar) OR (i_units = 'Dram'::bpchar) OR (i_units = 'Box'::bpchar)) AND ((i_size = 'economy'::bpchar) OR (i_size = 'small'::bpchar) OR (i_size = 'extra large'::bpchar) OR (i_size = 'petite'::bpchar))) OR ((i_category = 'Men'::bpchar) AND ((i_color = 'powder'::bpchar) OR (i_color = 'sky'::bpchar) OR (i_color = 'maroon'::bpchar) OR (i_color = 'smoke'::bpchar) OR (i_color = 'papaya'::bpchar) OR (i_color = 'peach'::bpchar) OR (i_color = 'firebrick'::bpchar) OR (i_color = 'sienna'::bpchar)) AND ((i_units = 'Dozen'::bpchar) OR (i_units = 'Lb'::bpchar) OR (i_units = 'Ounce'::bpchar) OR (i_units = 'Case'::bpchar) OR (i_units = 'Bundle'::bpchar) OR (i_units = 'Carton'::bpchar) OR (i_units = 'Cup'::bpchar) OR (i_units = 'Each'::bpchar)) AND ((i_size = 'N/A'::bpchar) OR (i_size = 'large'::bpchar) OR (i_size = 'economy'::bpchar) OR (i_size = 'small'::bpchar))))
(11 rows)

                   i_product_name                   
----------------------------------------------------
 ableableeingable                                  
 ablen stn stbarought                              
 antiationpriableought                             
 barcallyeingableought                             
 esebarn stationought                              
 oughtableable                                     
 oughteseantiationought                            
 prioughtableoughtought                            
(8 rows)

