                                                          QUERY PLAN                                                           
-------------------------------------------------------------------------------------------------------------------------------
 Limit  (cost=70046.51..70046.56 rows=20 width=91)
   ->  Sort  (cost=70046.51..70046.56 rows=20 width=91)
         Sort Key: (sum(store_sales.ss_ext_sales_price)) DESC, item.i_category_id, item.i_category
         ->  Finalize GroupAggregate  (cost=70043.58..70046.08 rows=20 width=91)
               Group Key: dt.d_year, item.i_category_id, item.i_category
               ->  Gather Merge  (cost=70043.58..70045.63 rows=16 width=91)
                     Workers Planned: 2
                     ->  Partial GroupAggregate  (cost=69043.56..69043.76 rows=8 width=91)
                           Group Key: dt.d_year, item.i_category_id, item.i_category
                           ->  Sort  (cost=69043.56..69043.58 rows=8 width=65)
                                 Sort Key: item.i_category_id, item.i_category
                                 ->  Nested Loop  (cost=2050.06..69043.44 rows=8 width=65)
                                       ->  Parallel Hash Join  (cost=2049.78..68898.08 rows=470 width=14)
                                             Hash Cond: (store_sales.ss_sold_date_sk = dt.d_date_sk)
                                             ->  Parallel Seq Scan on store_sales  (cost=0.00..63697.68 rows=1200168 width=14)
                                             ->  Parallel Hash  (cost=2049.55..2049.55 rows=18 width=8)
                                                   ->  Parallel Seq Scan on date_dim dt  (cost=0.00..2049.55 rows=18 width=8)
                                                         Filter: ((d_year = 1998) AND (d_moy = 11))
                                       ->  Index Scan using item_pkey on item  (cost=0.29..0.31 rows=1 width=59)
                                             Index Cond: (i_item_sk = store_sales.ss_item_sk)
                                             Filter: (i_manager_id = 1)
(21 rows)

 d_year | i_category_id |                     i_category                     | total_sales 
--------+---------------+----------------------------------------------------+-------------
   1998 |             1 | Women                                              |   456139.91
   1998 |             5 | Music                                              |   409189.15
   1998 |             6 | Jewelry                                            |   374067.44
   1998 |             7 | Home                                               |   322313.22
   1998 |             8 | Sports                                             |   312939.11
   1998 |             2 | Men                                                |   292622.17
   1998 |             3 | Children                                           |   287922.36
   1998 |             4 | Shoes                                              |   264991.66
   1998 |            10 | Electronics                                        |   262623.69
   1998 |             9 | Books                                              |   190747.12
(10 rows)

