                                                                                                                                                                                                                                                                                                                                                                                                                                          QUERY PLAN                                                                                                                                                                                                                                                                                                                                                                                                                                          
----------------------------------------------------------------------------------------------------------------------------------------------------------------------------------------------------------------------------------------------------------------------------------------------------------------------------------------------------------------------------------------------------------------------------------------------------------------------------------------------------------------------------------------------------------------------------------------------------------------------------------------------------------------------------------------------------------------------------------------------------------------------------------------------------------------------------------------------------------------------------------------------
 Limit  (cost=70385.66..70385.68 rows=8 width=246)
   ->  Sort  (cost=70385.66..70385.68 rows=8 width=246)
         Sort Key: store.s_store_name, store.s_store_id, (sum(CASE WHEN (date_dim.d_day_name = 'Sunday'::bpchar) THEN store_sales.ss_sales_price ELSE NULL::numeric END)), (sum(CASE WHEN (date_dim.d_day_name = 'Monday'::bpchar) THEN store_sales.ss_sales_price ELSE NULL::numeric END)), (sum(CASE WHEN (date_dim.d_day_name = 'Tuesday'::bpchar) THEN store_sales.ss_sales_price ELSE NULL::numeric END)), (sum(CASE WHEN (date_dim.d_day_name = 'Wednesday'::bpchar) THEN store_sales.ss_sales_price ELSE NULL::numeric END)), (sum(CASE WHEN (date_dim.d_day_name = 'Thursday'::bpchar) THEN store_sales.ss_sales_price ELSE NULL::numeric END)), (sum(CASE WHEN (date_dim.d_day_name = 'Friday'::bpchar) THEN store_sales.ss_sales_price ELSE NULL::numeric END)), (sum(CASE WHEN (date_dim.d_day_name = 'Saturday'::bpchar) THEN store_sales.ss_sales_price ELSE NULL::numeric END))
         ->  Finalize GroupAggregate  (cost=70151.62..70385.54 rows=8 width=246)
               Group Key: store.s_store_name, store.s_store_id
               ->  Gather Merge  (cost=70151.62..70384.68 rows=16 width=246)
                     Workers Planned: 2
                     ->  Partial GroupAggregate  (cost=69151.60..69382.81 rows=8 width=246)
                           Group Key: store.s_store_name, store.s_store_id
                           ->  Sort  (cost=69151.60..69165.19 rows=5435 width=38)
                                 Sort Key: store.s_store_name, store.s_store_id
                                 ->  Hash Join  (cost=1946.10..68814.41 rows=5435 width=38)
                                       Hash Cond: (store_sales.ss_store_sk = store.s_store_sk)
                                       ->  Parallel Hash Join  (cost=1944.80..68793.10 rows=5702 width=20)
                                             Hash Cond: (store_sales.ss_sold_date_sk = date_dim.d_date_sk)
                                             ->  Parallel Seq Scan on store_sales  (cost=0.00..63697.68 rows=1200168 width=14)
                                             ->  Parallel Hash  (cost=1942.12..1942.12 rows=214 width=14)
                                                   ->  Parallel Seq Scan on date_dim  (cost=0.00..1942.12 rows=214 width=14)
                                                         Filter: (d_year = 2000)
                                       ->  Hash  (cost=1.15..1.15 rows=12 width=26)
                                             ->  Seq Scan on store  (cost=0.00..1.15 rows=12 width=26)
                                                   Filter: (s_gmt_offset = '-5'::numeric)
(22 rows)

 s_store_name |    s_store_id    | sun_sales | mon_sales | tue_sales | wed_sales | thu_sales | fri_sales | sat_sales 
--------------+------------------+-----------+-----------+-----------+-----------+-----------+-----------+-----------
 able         | AAAAAAAACAAAAAAA | 517884.59 | 469230.50 | 505832.67 | 443696.30 | 479716.97 | 462447.50 | 503064.60
 ation        | AAAAAAAAHAAAAAAA | 508811.68 | 474290.02 | 448808.84 | 492870.99 | 498127.64 | 474355.89 | 505906.68
 bar          | AAAAAAAAKAAAAAAA | 496021.80 | 459933.01 | 479825.96 | 474630.24 | 482326.79 | 478330.87 | 505252.22
 eing         | AAAAAAAAIAAAAAAA | 498752.97 | 476119.01 | 485965.24 | 454921.28 | 491953.89 | 476014.69 | 484633.67
 ese          | AAAAAAAAEAAAAAAA | 493724.01 | 499637.85 | 452314.62 | 466232.23 | 481922.38 | 477933.29 | 500577.95
 ought        | AAAAAAAABAAAAAAA | 505735.34 | 471490.23 | 463248.39 | 482690.52 | 485818.98 | 481816.20 | 491354.68
(6 rows)

