                                                                      QUERY PLAN                                                                      
------------------------------------------------------------------------------------------------------------------------------------------------------
 Limit  (cost=1643035.41..1643035.45 rows=17 width=11)
   InitPlan 1 (returns $0)
     ->  Unique  (cost=2501.50..2501.66 rows=31 width=4)
           ->  Sort  (cost=2501.50..2501.58 rows=31 width=4)
                 Sort Key: date_dim.d_month_seq
                 ->  Seq Scan on date_dim  (cost=0.00..2500.73 rows=31 width=4)
                       Filter: ((d_year = 2002) AND (d_moy = 3))
   ->  Sort  (cost=1640533.75..1640533.80 rows=17 width=11)
         Sort Key: (count(*)), a.ca_state
         ->  GroupAggregate  (cost=68185.36..1640533.41 rows=17 width=11)
               Group Key: a.ca_state
               Filter: (count(*) >= 10)
               ->  Nested Loop  (cost=68185.36..1640530.97 rows=359 width=3)
                     ->  Gather Merge  (cost=68185.07..68310.51 rows=1077 width=7)
                           Workers Planned: 2
                           Params Evaluated: $0
                           ->  Sort  (cost=67185.05..67186.17 rows=449 width=7)
                                 Sort Key: a.ca_state
                                 ->  Nested Loop  (cost=9.78..67165.27 rows=449 width=7)
                                       ->  Nested Loop  (cost=9.49..67005.18 rows=449 width=8)
                                             ->  Hash Join  (cost=9.19..66857.49 rows=470 width=8)
                                                   Hash Cond: (s.ss_sold_date_sk = d.d_date_sk)
                                                   ->  Parallel Seq Scan on store_sales s  (cost=0.00..63697.68 rows=1200168 width=12)
                                                   ->  Hash  (cost=8.82..8.82 rows=30 width=4)
                                                         ->  Index Scan using idx_date_dim_month_seq on date_dim d  (cost=0.29..8.82 rows=30 width=4)
                                                               Index Cond: (d_month_seq = $0)
                                             ->  Index Scan using customer_pkey on customer c  (cost=0.29..0.31 rows=1 width=8)
                                                   Index Cond: (c_customer_sk = s.ss_customer_sk)
                                       ->  Index Scan using customer_address_pkey on customer_address a  (cost=0.29..0.36 rows=1 width=7)
                                             Index Cond: (ca_address_sk = c.c_current_addr_sk)
                     ->  Index Scan using item_pkey on item i  (cost=0.29..1459.81 rows=1 width=4)
                           Index Cond: (i_item_sk = s.ss_item_sk)
                           Filter: (i_current_price > (1.2 * (SubPlan 2)))
                           SubPlan 2
                             ->  Aggregate  (cost=1459.49..1459.50 rows=1 width=32)
                                   ->  Seq Scan on item j  (cost=0.00..1455.00 rows=1796 width=6)
                                         Filter: (i_category = i.i_category)
 JIT:
   Functions: 42
   Options: Inlining true, Optimization true, Expressions true, Deforming true
(40 rows)

 state | cnt 
-------+-----
 ME    |  13
 NJ    |  17
 MD    |  18
 NM    |  18
 NH    |  19
 VT    |  20
 SC    |  22
 AK    |  24
 UT    |  24
 OR    |  29
 WY    |  31
 ND    |  34
 ID    |  36
 MT    |  36
 WA    |  36
 NY    |  43
 PA    |  43
 MN    |  48
 WI    |  49
 FL    |  50
 MI    |  54
 LA    |  55
 WV    |  55
 AL    |  59
 CO    |  61
 OH    |  61
 NE    |  62
 AR    |  67
 CA    |  67
 NC    |  69
 SD    |  71
 MS    |  73
 TN    |  78
 MO    |  81
 OK    |  82
 IN    |  83
 IL    |  86
 IA    |  87
 KS    |  95
 KY    | 107
 VA    | 117
       | 118
 GA    | 155
 TX    | 221
(44 rows)

