                                                                                                                 QUERY PLAN                                                                                                                  
---------------------------------------------------------------------------------------------------------------------------------------------------------------------------------------------------------------------------------------------
 Sort  (cost=70345.66..70345.70 rows=17 width=81)
   Sort Key: (count(*)) DESC, c.c_last_name
   ->  Finalize GroupAggregate  (cost=70326.00..70345.31 rows=17 width=81)
         Group Key: ss.ss_ticket_number, c.c_customer_sk
         Filter: ((count(*) >= 1) AND (count(*) <= 5))
         ->  Gather Merge  (cost=70326.00..70342.05 rows=128 width=81)
               Workers Planned: 2
               ->  Partial GroupAggregate  (cost=69325.98..69327.26 rows=64 width=81)
                     Group Key: ss.ss_ticket_number, c.c_customer_sk
                     ->  Sort  (cost=69325.98..69326.14 rows=64 width=73)
                           Sort Key: ss.ss_ticket_number, c.c_customer_sk
                           ->  Nested Loop  (cost=2451.91..69324.06 rows=64 width=73)
                                 ->  Hash Join  (cost=2451.61..69303.00 rows=67 width=8)
                                       Hash Cond: (ss.ss_store_sk = s.s_store_sk)
                                       ->  Hash Join  (cost=2450.31..69301.45 rows=70 width=12)
                                             Hash Cond: (ss.ss_hdemo_sk = hd.hd_demo_sk)
                                             ->  Parallel Hash Join  (cost=2211.20..69059.50 rows=1081 width=16)
                                                   Hash Cond: (ss.ss_sold_date_sk = d.d_date_sk)
                                                   ->  Parallel Seq Scan on store_sales ss  (cost=0.00..63697.68 rows=1200168 width=20)
                                                   ->  Parallel Hash  (cost=2210.69..2210.69 rows=41 width=4)
                                                         ->  Parallel Seq Scan on date_dim d  (cost=0.00..2210.69 rows=41 width=4)
                                                               Filter: ((d_dom >= 1) AND (d_dom <= 2) AND (d_year = ANY ('{2000,2001,2002}'::integer[])))
                                             ->  Hash  (cost=233.00..233.00 rows=489 width=4)
                                                   ->  Seq Scan on household_demographics hd  (cost=0.00..233.00 rows=489 width=4)
                                                         Filter: ((hd_vehicle_count > 0) AND ((hd_buy_potential = '1001-5000'::bpchar) OR (hd_buy_potential = '5001-10000'::bpchar)) AND ((hd_dep_count / NULLIF(hd_vehicle_count, 0)) > 1))
                                       ->  Hash  (cost=1.15..1.15 rows=12 width=4)
                                             ->  Seq Scan on store s  (cost=0.00..1.15 rows=12 width=4)
                                                   Filter: ((s_county)::text = 'Williamson County'::text)
                                 ->  Index Scan using customer_pkey on customer c  (cost=0.29..0.31 rows=1 width=69)
                                       Index Cond: (c_customer_sk = ss.ss_customer_sk)
(30 rows)

          c_last_name           |     c_first_name     | c_salutation | c_preferred_cust_flag | ss_ticket_number | cnt 
--------------------------------+----------------------+--------------+-----------------------+------------------+-----
 Donohue                        | Robert               | Mr.          | Y                     |           126839 |   5
 Knox                           | Ruth                 | Dr.          | Y                     |           166798 |   5
 Steiner                        | Tyler                | Dr.          | N                     |           229659 |   4
(3 rows)

